-------------------------------------------------------------------------------
Test set: com.bncu.tests.posts.crud.CreatePostNegTest
-------------------------------------------------------------------------------
Tests run: 6, Failures: 0, Errors: 0, Skipped: 0, Time elapsed: 2.622 s - in com.bncu.tests.posts.crud.CreatePostNegTest
com.bncu.tests.posts.crud.CreatePostNegTest.checkPostNotCreatedWithEmptyTitle  Time elapsed: 0.624 s
com.bncu.tests.posts.crud.CreatePostNegTest.checkPostNotCreatedWithoutBody  Time elapsed: 0.432 s
com.bncu.tests.posts.crud.CreatePostNegTest.checkPostNotCreatedWithoutTitle  Time elapsed: 0.416 s
com.bncu.tests.posts.crud.CreatePostNegTest.checkPostNotCreatedWithEmptyBody  Time elapsed: 0.386 s
com.bncu.tests.posts.crud.CreatePostNegTest.checkPostNotCreatedWithEmptyUser  Time elapsed: 0.393 s
com.bncu.tests.posts.crud.CreatePostNegTest.checkPostNotCreatedWithNotExistingUser  Time elapsed: 0.371 s
