<?xml version="1.0" encoding="UTF-8"?>
<testsuite xmlns:xsi="http://www.w3.org/2001/XMLSchema-instance" xsi:noNamespaceSchemaLocation="https://maven.apache.org/surefire/maven-surefire-plugin/xsd/surefire-test-report-3.0.xsd" version="3.0" name="com.bncu.tests.comments.CheckCommentTest" time="1.967" tests="1" errors="0" skipped="0" failures="0">
  <properties>
[...]
</properties>
  <testcase name="checkPostComments" classname="com.bncu.tests.comments.CheckCommentTest" time="1.922">
    <system-out><![CDATA[start test 1
end test 1
]]></system-out>
  </testcase>
</testsuite>