<?xml version="1.0" encoding="UTF-8"?>
<testsuite xmlns:xsi="http://www.w3.org/2001/XMLSchema-instance" xsi:noNamespaceSchemaLocation="https://maven.apache.org/surefire/maven-surefire-plugin/xsd/surefire-test-report-3.0.xsd" version="3.0" name="com.bncu.tests.posts.CheckPostCommentTest" time="0.116" tests="1" errors="0" skipped="0" failures="0">
  <properties>
[...]
</properties>
  <testcase name="checkPostComments" classname="com.bncu.tests.posts.CheckPostCommentTest" time="0.115">
    <system-out><![CDATA[start test 8
HTTP/1.1 200 OK
Date: Wed, 12 Apr 2023 16:30:59 GMT
Content-Type: application/json; charset=utf-8
Transfer-Encoding: chunked
Connection: keep-alive
X-Powered-By: Express
X-Ratelimit-Limit: 1000
X-Ratelimit-Remaining: 999
X-Ratelimit-Reset: 1681302273
Vary: Origin, Accept-Encoding
Access-Control-Allow-Credentials: true
Cache-Control: max-age=43200
Pragma: no-cache
Expires: -1
X-Content-Type-Options: nosniff
Etag: W/"644-PjWFVfLL86ukVeckYRQFyH3L7DU"
Content-Encoding: gzip
Via: 1.1 vegur
CF-Cache-Status: HIT
Age: 14797
Report-To: {"endpoints":[{"url":"https:\/\/a.nel.cloudflare.com\/report\/v3?s=z4bH3LrtpfXxxcb9RtQgdx2EmPtMWwd%2FfgJrIpXSspOY5Z6QcGXKacKGCWegUXNDp9T5b9YLrx8S47erWFwZWjt3ZTgLr8v6LFQI%2BDGv%2FUgStai5iKOi%2BtQOzDURIwOtv7XrFG3tzKHLsk2bbWEY"}],"group":"cf-nel","max_age":604800}
NEL: {"success_fraction":0,"report_to":"cf-nel","max_age":604800}
Server: cloudflare
CF-RAY: 7b6cdb658e67354e-WAW
alt-svc: h3=":443"; ma=86400, h3-29=":443"; ma=86400

[
    {
        "postId": 4,
        "id": 16,
        "name": "perferendis temporibus delectus optio ea eum ratione dolorum",
        "email": "Christine@ayana.info",
        "body": "iste ut laborum aliquid velit facere itaque\nquo ut soluta dicta voluptate\nerror tempore aut et\nsequi reiciendis dignissimos expedita consequuntur libero sed fugiat facilis"
    },
    {
        "postId": 4,
        "id": 17,
        "name": "eos est animi quis",
        "email": "Preston_Hudson@blaise.tv",
        "body": "consequatur necessitatibus totam sed sit dolorum\nrecusandae quae odio excepturi voluptatum harum voluptas\nquisquam sit ad eveniet delectus\ndoloribus odio qui non labore"
    },
    {
        "postId": 4,
        "id": 18,
        "name": "aut et tenetur ducimus illum aut nulla ab",
        "email": "Vincenza_Klocko@albertha.name",
        "body": "veritatis voluptates necessitatibus maiores corrupti\nneque et exercitationem amet sit et\nullam velit sit magnam laborum\nmagni ut molestias"
    },
    {
        "postId": 4,
        "id": 19,
        "name": "sed impedit rerum quia et et inventore unde officiis",
        "email": "Madelynn.Gorczany@darion.biz",
        "body": "doloribus est illo sed minima aperiam\nut dignissimos accusantium tempore atque et aut molestiae\nmagni ut accusamus voluptatem quos ut voluptates\nquisquam porro sed architecto ut"
    },
    {
        "postId": 4,
        "id": 20,
        "name": "molestias expedita iste aliquid voluptates",
        "email": "Mariana_Orn@preston.org",
        "body": "qui harum consequatur fugiat\net eligendi perferendis at molestiae commodi ducimus\ndoloremque asperiores numquam qui\nut sit dignissimos reprehenderit tempore"
    }
]
end test 8
]]></system-out>
  </testcase>
</testsuite>