<?xml version="1.0" encoding="UTF-8"?>
<testsuite xmlns:xsi="http://www.w3.org/2001/XMLSchema-instance" xsi:noNamespaceSchemaLocation="https://maven.apache.org/surefire/maven-surefire-plugin/xsd/surefire-test-report-3.0.xsd" version="3.0" name="com.bncu.tests.posts.crud.DeletePostTest" time="0.473" tests="1" errors="0" skipped="0" failures="1">
  <properties>
[...]
</properties>
  <testcase name="checkPostDeleting" classname="com.bncu.tests.posts.crud.DeletePostTest" time="0.473">
    <failure message="[Deleted post is not expected to be in a list] &#10;Expecting&#10; &lt;[PostPojo(userId=1, id=1, title=sunt aut facere repellat provident occaecati excepturi optio reprehenderit, body=quia et suscipit&#10;suscipit recusandae consequuntur expedita et cum&#10;reprehenderit molestiae ut ut quas totam&#10;nostrum rerum est autem sunt rem eveniet architecto),&#10;    PostPojo(userId=1, id=2, title=qui est esse, body=est rerum tempore vitae&#10;sequi sint nihil reprehenderit dolor beatae ea dolores neque&#10;fugiat blanditiis voluptate porro vel nihil molestiae ut reiciendis&#10;qui aperiam non debitis possimus qui neque nisi nulla),&#10;    PostPojo(userId=1, id=3, title=ea molestias quasi exercitationem repellat qui ipsa sit aut, body=et iusto sed quo iure&#10;voluptatem occaecati omnis eligendi aut ad&#10;voluptatem doloribus vel accusantium quis pariatur&#10;molestiae porro eius odio et labore et velit aut),&#10;    PostPojo(userId=1, id=4, title=eum et est occaecati, body=ullam et saepe reiciendis voluptatem adipisci&#10;sit amet autem assumenda provident rerum culpa&#10;quis hic commodi nesciunt rem tenetur doloremque ipsam iure&#10;quis sunt voluptatem rerum illo velit),&#10;    PostPojo(userId=1, id=5, title=nesciunt quas odio, body=repudiandae veniam quaerat sunt sed&#10;alias aut fugiat sit autem sed est&#10;voluptatem omnis possimus esse voluptatibus quis&#10;est aut tenetur dolor neque),&#10;    PostPojo(userId=1, id=6, title=dolorem eum magni eos aperiam quia, body=ut aspernatur corporis harum nihil quis provident sequi&#10;mollitia nobis aliquid molestiae&#10;perspiciatis et ea nemo ab reprehenderit accusantium quas&#10;voluptate dolores velit et doloremque molestiae),&#10;    PostPojo(userId=1, id=7, title=magnam facilis autem, body=dolore placeat quibusdam ea quo vitae&#10;magni quis enim qui quis quo nemo aut saepe&#10;quidem repellat excepturi ut quia&#10;sunt ut sequi eos ea sed quas),&#10;    PostPojo(userId=1, id=8, title=dolorem dolore est ipsam, body=dignissimos aperiam dolorem qui eum&#10;facilis quibusdam animi sint suscipit qui sint possimus cum&#10;quaerat magni maiores excepturi&#10;ipsam ut commodi dolor voluptatum modi aut vitae),&#10;    PostPojo(userId=1, id=9, title=nesciunt iure omnis dolorem tempora et accusantium, body=consectetur animi nesciunt iure dolore&#10;enim quia ad&#10;veniam autem ut quam aut nobis&#10;et est aut quod aut provident voluptas autem voluptas),&#10;    PostPojo(userId=1, id=10, title=optio molestias id quia eum, body=quo et expedita modi cum officia vel magni&#10;doloribus qui repudiandae&#10;vero nisi sit&#10;quos veniam quod sed accusamus veritatis error),&#10;    PostPojo(userId=2, id=11, title=et ea vero quia laudantium autem, body=delectus reiciendis molestiae occaecati non minima eveniet qui voluptatibus&#10;accusamus in eum beatae sit&#10;vel qui neque voluptates ut commodi qui incidunt&#10;ut animi commodi),&#10;    PostPojo(userId=2, id=12, title=in quibusdam tempore odit est dolorem, body=itaque id aut magnam&#10;praesentium quia et ea odit et ea voluptas et&#10;sapiente quia nihil amet occaecati quia id voluptatem&#10;incidunt ea est distinctio odio),&#10;    PostPojo(userId=2, id=13, title=dolorum ut in voluptas mollitia et saepe quo animi, body=aut dicta possimus sint mollitia voluptas commodi quo doloremque&#10;iste corrupti reiciendis voluptatem eius rerum&#10;sit cumque quod eligendi laborum minima&#10;perferendis recusandae assumenda consectetur porro architecto ipsum ipsam),&#10;    PostPojo(userId=2, id=14, title=voluptatem eligendi optio, body=fuga et accusamus dolorum perferendis illo voluptas&#10;non doloremque neque facere&#10;ad qui dolorum molestiae beatae&#10;sed aut voluptas totam sit illum),&#10;    PostPojo(userId=2, id=15, title=eveniet quod temporibus, body=reprehenderit quos placeat&#10;velit minima officia dolores impedit repudiandae molestiae nam&#10;voluptas recusandae quis delectus&#10;officiis harum fugiat vitae),&#10;    PostPojo(userId=2, id=16, title=sint suscipit perspiciatis velit dolorum rerum ipsa laboriosam odio, body=suscipit nam nisi quo aperiam aut&#10;asperiores eos fugit maiores voluptatibus quia&#10;voluptatem quis ullam qui in alias quia est&#10;consequatur magni mollitia accusamus ea nisi voluptate dicta),&#10;    PostPojo(userId=2, id=17, title=fugit voluptas sed molestias voluptatem provident, body=eos voluptas et aut odit natus earum&#10;aspernatur fuga molestiae ullam&#10;deserunt ratione qui eos&#10;qui nihil ratione nemo velit ut aut id quo),&#10;    PostPojo(userId=2, id=18, title=voluptate et itaque vero tempora molestiae, body=eveniet quo quis&#10;laborum totam consequatur non dolor&#10;ut et est repudiandae&#10;est voluptatem vel debitis et magnam),&#10;    PostPojo(userId=2, id=19, title=adipisci placeat illum aut reiciendis qui, body=illum quis cupiditate provident sit magnam&#10;ea sed aut omnis&#10;veniam maiores ullam consequatur atque&#10;adipisci quo iste expedita sit quos voluptas),&#10;    PostPojo(userId=2, id=20, title=doloribus ad provident suscipit at, body=qui consequuntur ducimus possimus quisquam amet similique&#10;suscipit porro ipsam amet&#10;eos veritatis officiis exercitationem vel fugit aut necessitatibus totam&#10;omnis rerum consequatur expedita quidem cumque explicabo),&#10;    PostPojo(userId=3, id=21, title=asperiores ea ipsam voluptatibus modi minima quia sint, body=repellat aliquid praesentium dolorem quo&#10;sed totam minus non itaque&#10;nihil labore molestiae sunt dolor eveniet hic recusandae veniam&#10;tempora et tenetur expedita sunt),&#10;    PostPojo(userId=3, id=22, title=dolor sint quo a velit explicabo quia nam, body=eos qui et ipsum ipsam suscipit aut&#10;sed omnis non odio&#10;expedita earum mollitia molestiae aut atque rem suscipit&#10;nam impedit esse),&#10;    PostPojo(userId=3, id=23, title=maxime id vitae nihil numquam, body=veritatis unde neque eligendi&#10;quae quod architecto quo neque vitae&#10;est illo sit tempora doloremque fugit quod&#10;et et vel beatae sequi ullam sed tenetur perspiciatis),&#10;    PostPojo(userId=3, id=24, title=autem hic labore sunt dolores incidunt, body=enim et ex nulla&#10;omnis voluptas quia qui&#10;voluptatem consequatur numquam aliquam sunt&#10;totam recusandae id dignissimos aut sed asperiores deserunt),&#10;    PostPojo(userId=3, id=25, title=rem alias distinctio quo quis, body=ullam consequatur ut&#10;omnis quis sit vel consequuntur&#10;ipsa eligendi ipsum molestiae et omnis error nostrum&#10;molestiae illo tempore quia et distinctio),&#10;    PostPojo(userId=3, id=26, title=est et quae odit qui non, body=similique esse doloribus nihil accusamus&#10;omnis dolorem fuga consequuntur reprehenderit fugit recusandae temporibus&#10;perspiciatis cum ut laudantium&#10;omnis aut molestiae vel vero),&#10;    PostPojo(userId=3, id=27, title=quasi id et eos tenetur aut quo autem, body=eum sed dolores ipsam sint possimus debitis occaecati&#10;debitis qui qui et&#10;ut placeat enim earum aut odit facilis&#10;consequatur suscipit necessitatibus rerum sed inventore temporibus consequatur),&#10;    PostPojo(userId=3, id=28, title=delectus ullam et corporis nulla voluptas sequi, body=non et quaerat ex quae ad maiores&#10;maiores recusandae totam aut blanditiis mollitia quas illo&#10;ut voluptatibus voluptatem&#10;similique nostrum eum),&#10;    PostPojo(userId=3, id=29, title=iusto eius quod necessitatibus culpa ea, body=odit magnam ut saepe sed non qui&#10;tempora atque nihil&#10;accusamus illum doloribus illo dolor&#10;eligendi repudiandae odit magni similique sed cum maiores),&#10;    PostPojo(userId=3, id=30, title=a quo magni similique perferendis, body=alias dolor cumque&#10;impedit blanditiis non eveniet odio maxime&#10;blanditiis amet eius quis tempora quia autem rem&#10;a provident perspiciatis quia),&#10;    PostPojo(userId=4, id=31, title=ullam ut quidem id aut vel consequuntur, body=debitis eius sed quibusdam non quis consectetur vitae&#10;impedit ut qui consequatur sed aut in&#10;quidem sit nostrum et maiores adipisci atque&#10;quaerat voluptatem adipisci repudiandae),&#10;    PostPojo(userId=4, id=32, title=doloremque illum aliquid sunt, body=deserunt eos nobis asperiores et hic&#10;est debitis repellat molestiae optio&#10;nihil ratione ut eos beatae quibusdam distinctio maiores&#10;earum voluptates et aut adipisci ea maiores voluptas maxime),&#10;    PostPojo(userId=4, id=33, title=qui explicabo molestiae dolorem, body=rerum ut et numquam laborum odit est sit&#10;id qui sint in&#10;quasi tenetur tempore aperiam et quaerat qui in&#10;rerum officiis sequi cumque quod),&#10;    PostPojo(userId=4, id=34, title=magnam ut rerum iure, body=ea velit perferendis earum ut voluptatem voluptate itaque iusto&#10;totam pariatur in&#10;nemo voluptatem voluptatem autem magni tempora minima in&#10;est distinctio qui assumenda accusamus dignissimos officia nesciunt nobis),&#10;    PostPojo(userId=4, id=35, title=id nihil consequatur molestias animi provident, body=nisi error delectus possimus ut eligendi vitae&#10;placeat eos harum cupiditate facilis reprehenderit voluptatem beatae&#10;modi ducimus quo illum voluptas eligendi&#10;et nobis quia fugit),&#10;    PostPojo(userId=4, id=36, title=fuga nam accusamus voluptas reiciendis itaque, body=ad mollitia et omnis minus architecto odit&#10;voluptas doloremque maxime aut non ipsa qui alias veniam&#10;blanditiis culpa aut quia nihil cumque facere et occaecati&#10;qui aspernatur quia eaque ut aperiam inventore),&#10;    PostPojo(userId=4, id=37, title=provident vel ut sit ratione est, body=debitis et eaque non officia sed nesciunt pariatur vel&#10;voluptatem iste vero et ea&#10;numquam aut expedita ipsum nulla in&#10;voluptates omnis consequatur aut enim officiis in quam qui),&#10;    PostPojo(userId=4, id=38, title=explicabo et eos deleniti nostrum ab id repellendus, body=animi esse sit aut sit nesciunt assumenda eum voluptas&#10;quia voluptatibus provident quia necessitatibus ea&#10;rerum repudiandae quia voluptatem delectus fugit aut id quia&#10;ratione optio eos iusto veniam iure),&#10;    PostPojo(userId=4, id=39, title=eos dolorem iste accusantium est eaque quam, body=corporis rerum ducimus vel eum accusantium&#10;maxime aspernatur a porro possimus iste omnis&#10;est in deleniti asperiores fuga aut&#10;voluptas sapiente vel dolore minus voluptatem incidunt ex),&#10;    PostPojo(userId=4, id=40, title=enim quo cumque, body=ut voluptatum aliquid illo tenetur nemo sequi quo facilis&#10;ipsum rem optio mollitia quas&#10;voluptatem eum voluptas qui&#10;unde omnis voluptatem iure quasi maxime voluptas nam),&#10;    PostPojo(userId=5, id=41, title=non est facere, body=molestias id nostrum&#10;excepturi molestiae dolore omnis repellendus quaerat saepe&#10;consectetur iste quaerat tenetur asperiores accusamus ex ut&#10;nam quidem est ducimus sunt debitis saepe),&#10;    PostPojo(userId=5, id=42, title=commodi ullam sint et excepturi error explicabo praesentium voluptas, body=odio fugit voluptatum ducimus earum autem est incidunt voluptatem&#10;odit reiciendis aliquam sunt sequi nulla dolorem&#10;non facere repellendus voluptates quia&#10;ratione harum vitae ut),&#10;    PostPojo(userId=5, id=43, title=eligendi iste nostrum consequuntur adipisci praesentium sit beatae perferendis, body=similique fugit est&#10;illum et dolorum harum et voluptate eaque quidem&#10;exercitationem quos nam commodi possimus cum odio nihil nulla&#10;dolorum exercitationem magnam ex et a et distinctio debitis),&#10;    PostPojo(userId=5, id=44, title=optio dolor molestias sit, body=temporibus est consectetur dolore&#10;et libero debitis vel velit laboriosam quia&#10;ipsum quibusdam qui itaque fuga rem aut&#10;ea et iure quam sed maxime ut distinctio quae),&#10;    PostPojo(userId=5, id=45, title=ut numquam possimus omnis eius suscipit laudantium iure, body=est natus reiciendis nihil possimus aut provident&#10;ex et dolor&#10;repellat pariatur est&#10;nobis rerum repellendus dolorem autem),&#10;    PostPojo(userId=5, id=46, title=aut quo modi neque nostrum ducimus, body=voluptatem quisquam iste&#10;voluptatibus natus officiis facilis dolorem&#10;quis quas ipsam&#10;vel et voluptatum in aliquid),&#10;    PostPojo(userId=5, id=47, title=quibusdam cumque rem aut deserunt, body=voluptatem assumenda ut qui ut cupiditate aut impedit veniam&#10;occaecati nemo illum voluptatem laudantium&#10;molestiae beatae rerum ea iure soluta nostrum&#10;eligendi et voluptate),&#10;    PostPojo(userId=5, id=48, title=ut voluptatem illum ea doloribus itaque eos, body=voluptates quo voluptatem facilis iure occaecati&#10;vel assumenda rerum officia et&#10;illum perspiciatis ab deleniti&#10;laudantium repellat ad ut et autem reprehenderit),&#10;    PostPojo(userId=5, id=49, title=laborum non sunt aut ut assumenda perspiciatis voluptas, body=inventore ab sint&#10;natus fugit id nulla sequi architecto nihil quaerat&#10;eos tenetur in in eum veritatis non&#10;quibusdam officiis aspernatur cumque aut commodi aut),&#10;    PostPojo(userId=5, id=50, title=repellendus qui recusandae incidunt voluptates tenetur qui omnis exercitationem, body=error suscipit maxime adipisci consequuntur recusandae&#10;voluptas eligendi et est et voluptates&#10;quia distinctio ab amet quaerat molestiae et vitae&#10;adipisci impedit sequi nesciunt quis consectetur),&#10;    PostPojo(userId=6, id=51, title=soluta aliquam aperiam consequatur illo quis voluptas, body=sunt dolores aut doloribus&#10;dolore doloribus voluptates tempora et&#10;doloremque et quo&#10;cum asperiores sit consectetur dolorem),&#10;    PostPojo(userId=6, id=52, title=qui enim et consequuntur quia animi quis voluptate quibusdam, body=iusto est quibusdam fuga quas quaerat molestias&#10;a enim ut sit accusamus enim&#10;temporibus iusto accusantium provident architecto&#10;soluta esse reprehenderit qui laborum),&#10;    PostPojo(userId=6, id=53, title=ut quo aut ducimus alias, body=minima harum praesentium eum rerum illo dolore&#10;quasi exercitationem rerum nam&#10;porro quis neque quo&#10;consequatur minus dolor quidem veritatis sunt non explicabo similique),&#10;    PostPojo(userId=6, id=54, title=sit asperiores ipsam eveniet odio non quia, body=totam corporis dignissimos&#10;vitae dolorem ut occaecati accusamus&#10;ex velit deserunt&#10;et exercitationem vero incidunt corrupti mollitia),&#10;    PostPojo(userId=6, id=55, title=sit vel voluptatem et non libero, body=debitis excepturi ea perferendis harum libero optio&#10;eos accusamus cum fuga ut sapiente repudiandae&#10;et ut incidunt omnis molestiae&#10;nihil ut eum odit),&#10;    PostPojo(userId=6, id=56, title=qui et at rerum necessitatibus, body=aut est omnis dolores&#10;neque rerum quod ea rerum velit pariatur beatae excepturi&#10;et provident voluptas corrupti&#10;corporis harum reprehenderit dolores eligendi),&#10;    PostPojo(userId=6, id=57, title=sed ab est est, body=at pariatur consequuntur earum quidem&#10;quo est laudantium soluta voluptatem&#10;qui ullam et est&#10;et cum voluptas voluptatum repellat est),&#10;    PostPojo(userId=6, id=58, title=voluptatum itaque dolores nisi et quasi, body=veniam voluptatum quae adipisci id&#10;et id quia eos ad et dolorem&#10;aliquam quo nisi sunt eos impedit error&#10;ad similique veniam),&#10;    PostPojo(userId=6, id=59, title=qui commodi dolor at maiores et quis id accusantium, body=perspiciatis et quam ea autem temporibus non voluptatibus qui&#10;beatae a earum officia nesciunt dolores suscipit voluptas et&#10;animi doloribus cum rerum quas et magni&#10;et hic ut ut commodi expedita sunt),&#10;    PostPojo(userId=6, id=60, title=consequatur placeat omnis quisquam quia reprehenderit fugit veritatis facere, body=asperiores sunt ab assumenda cumque modi velit&#10;qui esse omnis&#10;voluptate et fuga perferendis voluptas&#10;illo ratione amet aut et omnis),&#10;    PostPojo(userId=7, id=61, title=voluptatem doloribus consectetur est ut ducimus, body=ab nemo optio odio&#10;delectus tenetur corporis similique nobis repellendus rerum omnis facilis&#10;vero blanditiis debitis in nesciunt doloribus dicta dolores&#10;magnam minus velit),&#10;    PostPojo(userId=7, id=62, title=beatae enim quia vel, body=enim aspernatur illo distinctio quae praesentium&#10;beatae alias amet delectus qui voluptate distinctio&#10;odit sint accusantium autem omnis&#10;quo molestiae omnis ea eveniet optio),&#10;    PostPojo(userId=7, id=63, title=voluptas blanditiis repellendus animi ducimus error sapiente et suscipit, body=enim adipisci aspernatur nemo&#10;numquam omnis facere dolorem dolor ex quis temporibus incidunt&#10;ab delectus culpa quo reprehenderit blanditiis asperiores&#10;accusantium ut quam in voluptatibus voluptas ipsam dicta),&#10;    PostPojo(userId=7, id=64, title=et fugit quas eum in in aperiam quod, body=id velit blanditiis&#10;eum ea voluptatem&#10;molestiae sint occaecati est eos perspiciatis&#10;incidunt a error provident eaque aut aut qui),&#10;    PostPojo(userId=7, id=65, title=consequatur id enim sunt et et, body=voluptatibus ex esse&#10;sint explicabo est aliquid cumque adipisci fuga repellat labore&#10;molestiae corrupti ex saepe at asperiores et perferendis&#10;natus id esse incidunt pariatur),&#10;    PostPojo(userId=7, id=66, title=repudiandae ea animi iusto, body=officia veritatis tenetur vero qui itaque&#10;sint non ratione&#10;sed et ut asperiores iusto eos molestiae nostrum&#10;veritatis quibusdam et nemo iusto saepe),&#10;    PostPojo(userId=7, id=67, title=aliquid eos sed fuga est maxime repellendus, body=reprehenderit id nostrum&#10;voluptas doloremque pariatur sint et accusantium quia quod aspernatur&#10;et fugiat amet&#10;non sapiente et consequatur necessitatibus molestiae),&#10;    PostPojo(userId=7, id=68, title=odio quis facere architecto reiciendis optio, body=magnam molestiae perferendis quisquam&#10;qui cum reiciendis&#10;quaerat animi amet hic inventore&#10;ea quia deleniti quidem saepe porro velit),&#10;    PostPojo(userId=7, id=69, title=fugiat quod pariatur odit minima, body=officiis error culpa consequatur modi asperiores et&#10;dolorum assumenda voluptas et vel qui aut vel rerum&#10;voluptatum quisquam perspiciatis quia rerum consequatur totam quas&#10;sequi commodi repudiandae asperiores et saepe a),&#10;    PostPojo(userId=7, id=70, title=voluptatem laborum magni, body=sunt repellendus quae&#10;est asperiores aut deleniti esse accusamus repellendus quia aut&#10;quia dolorem unde&#10;eum tempora esse dolore),&#10;    PostPojo(userId=8, id=71, title=et iusto veniam et illum aut fuga, body=occaecati a doloribus&#10;iste saepe consectetur placeat eum voluptate dolorem et&#10;qui quo quia voluptas&#10;rerum ut id enim velit est perferendis),&#10;    PostPojo(userId=8, id=72, title=sint hic doloribus consequatur eos non id, body=quam occaecati qui deleniti consectetur&#10;consequatur aut facere quas exercitationem aliquam hic voluptas&#10;neque id sunt ut aut accusamus&#10;sunt consectetur expedita inventore velit),&#10;    PostPojo(userId=8, id=73, title=consequuntur deleniti eos quia temporibus ab aliquid at, body=voluptatem cumque tenetur consequatur expedita ipsum nemo quia explicabo&#10;aut eum minima consequatur&#10;tempore cumque quae est et&#10;et in consequuntur voluptatem voluptates aut),&#10;    PostPojo(userId=8, id=74, title=enim unde ratione doloribus quas enim ut sit sapiente, body=odit qui et et necessitatibus sint veniam&#10;mollitia amet doloremque molestiae commodi similique magnam et quam&#10;blanditiis est itaque&#10;quo et tenetur ratione occaecati molestiae tempora),&#10;    PostPojo(userId=8, id=75, title=dignissimos eum dolor ut enim et delectus in, body=commodi non non omnis et voluptas sit&#10;autem aut nobis magnam et sapiente voluptatem&#10;et laborum repellat qui delectus facilis temporibus&#10;rerum amet et nemo voluptate expedita adipisci error dolorem),&#10;    PostPojo(userId=8, id=76, title=doloremque officiis ad et non perferendis, body=ut animi facere&#10;totam iusto tempore&#10;molestiae eum aut et dolorem aperiam&#10;quaerat recusandae totam odio),&#10;    PostPojo(userId=8, id=77, title=necessitatibus quasi exercitationem odio, body=modi ut in nulla repudiandae dolorum nostrum eos&#10;aut consequatur omnis&#10;ut incidunt est omnis iste et quam&#10;voluptates sapiente aliquam asperiores nobis amet corrupti repudiandae provident),&#10;    PostPojo(userId=8, id=78, title=quam voluptatibus rerum veritatis, body=nobis facilis odit tempore cupiditate quia&#10;assumenda doloribus rerum qui ea&#10;illum et qui totam&#10;aut veniam repellendus),&#10;    PostPojo(userId=8, id=79, title=pariatur consequatur quia magnam autem omnis non amet, body=libero accusantium et et facere incidunt sit dolorem&#10;non excepturi qui quia sed laudantium&#10;quisquam molestiae ducimus est&#10;officiis esse molestiae iste et quos),&#10;    PostPojo(userId=8, id=80, title=labore in ex et explicabo corporis aut quas, body=ex quod dolorem ea eum iure qui provident amet&#10;quia qui facere excepturi et repudiandae&#10;asperiores molestias provident&#10;minus incidunt vero fugit rerum sint sunt excepturi provident),&#10;    PostPojo(userId=9, id=81, title=tempora rem veritatis voluptas quo dolores vero, body=facere qui nesciunt est voluptatum voluptatem nisi&#10;sequi eligendi necessitatibus ea at rerum itaque&#10;harum non ratione velit laboriosam quis consequuntur&#10;ex officiis minima doloremque voluptas ut aut),&#10;    PostPojo(userId=9, id=82, title=laudantium voluptate suscipit sunt enim enim, body=ut libero sit aut totam inventore sunt&#10;porro sint qui sunt molestiae&#10;consequatur cupiditate qui iste ducimus adipisci&#10;dolor enim assumenda soluta laboriosam amet iste delectus hic),&#10;    PostPojo(userId=9, id=83, title=odit et voluptates doloribus alias odio et, body=est molestiae facilis quis tempora numquam nihil qui&#10;voluptate sapiente consequatur est qui&#10;necessitatibus autem aut ipsa aperiam modi dolore numquam&#10;reprehenderit eius rem quibusdam),&#10;    PostPojo(userId=9, id=84, title=optio ipsam molestias necessitatibus occaecati facilis veritatis dolores aut, body=sint molestiae magni a et quos&#10;eaque et quasi&#10;ut rerum debitis similique veniam&#10;recusandae dignissimos dolor incidunt consequatur odio),&#10;    PostPojo(userId=9, id=85, title=dolore veritatis porro provident adipisci blanditiis et sunt, body=similique sed nisi voluptas iusto omnis&#10;mollitia et quo&#10;assumenda suscipit officia magnam sint sed tempora&#10;enim provident pariatur praesentium atque animi amet ratione),&#10;    PostPojo(userId=9, id=86, title=placeat quia et porro iste, body=quasi excepturi consequatur iste autem temporibus sed molestiae beatae&#10;et quaerat et esse ut&#10;voluptatem occaecati et vel explicabo autem&#10;asperiores pariatur deserunt optio),&#10;    PostPojo(userId=9, id=87, title=nostrum quis quasi placeat, body=eos et molestiae&#10;nesciunt ut a&#10;dolores perspiciatis repellendus repellat aliquid&#10;magnam sint rem ipsum est),&#10;    PostPojo(userId=9, id=88, title=sapiente omnis fugit eos, body=consequatur omnis est praesentium&#10;ducimus non iste&#10;neque hic deserunt&#10;voluptatibus veniam cum et rerum sed),&#10;    PostPojo(userId=9, id=89, title=sint soluta et vel magnam aut ut sed qui, body=repellat aut aperiam totam temporibus autem et&#10;architecto magnam ut&#10;consequatur qui cupiditate rerum quia soluta dignissimos nihil iure&#10;tempore quas est),&#10;    PostPojo(userId=9, id=90, title=ad iusto omnis odit dolor voluptatibus, body=minus omnis soluta quia&#10;qui sed adipisci voluptates illum ipsam voluptatem&#10;eligendi officia ut in&#10;eos soluta similique molestias praesentium blanditiis),&#10;    PostPojo(userId=10, id=91, title=aut amet sed, body=libero voluptate eveniet aperiam sed&#10;sunt placeat suscipit molestias&#10;similique fugit nam natus&#10;expedita consequatur consequatur dolores quia eos et placeat),&#10;    PostPojo(userId=10, id=92, title=ratione ex tenetur perferendis, body=aut et excepturi dicta laudantium sint rerum nihil&#10;laudantium et at&#10;a neque minima officia et similique libero et&#10;commodi voluptate qui),&#10;    PostPojo(userId=10, id=93, title=beatae soluta recusandae, body=dolorem quibusdam ducimus consequuntur dicta aut quo laboriosam&#10;voluptatem quis enim recusandae ut sed sunt&#10;nostrum est odit totam&#10;sit error sed sunt eveniet provident qui nulla),&#10;    PostPojo(userId=10, id=94, title=qui qui voluptates illo iste minima, body=aspernatur expedita soluta quo ab ut similique&#10;expedita dolores amet&#10;sed temporibus distinctio magnam saepe deleniti&#10;omnis facilis nam ipsum natus sint similique omnis),&#10;    PostPojo(userId=10, id=95, title=id minus libero illum nam ad officiis, body=earum voluptatem facere provident blanditiis velit laboriosam&#10;pariatur accusamus odio saepe&#10;cumque dolor qui a dicta ab doloribus consequatur omnis&#10;corporis cupiditate eaque assumenda ad nesciunt),&#10;    PostPojo(userId=10, id=96, title=quaerat velit veniam amet cupiditate aut numquam ut sequi, body=in non odio excepturi sint eum&#10;labore voluptates vitae quia qui et&#10;inventore itaque rerum&#10;veniam non exercitationem delectus aut),&#10;    PostPojo(userId=10, id=97, title=quas fugiat ut perspiciatis vero provident, body=eum non blanditiis soluta porro quibusdam voluptas&#10;vel voluptatem qui placeat dolores qui velit aut&#10;vel inventore aut cumque culpa explicabo aliquid at&#10;perspiciatis est et voluptatem dignissimos dolor itaque sit nam),&#10;    PostPojo(userId=10, id=98, title=laboriosam dolor voluptates, body=doloremque ex facilis sit sint culpa&#10;soluta assumenda eligendi non ut eius&#10;sequi ducimus vel quasi&#10;veritatis est dolores),&#10;    PostPojo(userId=10, id=99, title=temporibus sit alias delectus eligendi possimus magni, body=quo deleniti praesentium dicta non quod&#10;aut est molestias&#10;molestias et officia quis nihil&#10;itaque dolorem quia),&#10;    PostPojo(userId=10, id=100, title=at nam consequatur ea labore ea harum, body=cupiditate quo est a modi nesciunt soluta&#10;ipsa voluptas error itaque dicta in&#10;autem qui minus magnam et distinctio eum&#10;accusamus ratione error aut)]&gt;&#10;not to contain&#10; &lt;[PostPojo(userId=1, id=3, title=ea molestias quasi exercitationem repellat qui ipsa sit aut, body=et iusto sed quo iure&#10;voluptatem occaecati omnis eligendi aut ad&#10;voluptatem doloribus vel accusantium quis pariatur&#10;molestiae porro eius odio et labore et velit aut)]&gt;&#10;but found&#10; &lt;[PostPojo(userId=1, id=3, title=ea molestias quasi exercitationem repellat qui ipsa sit aut, body=et iusto sed quo iure&#10;voluptatem occaecati omnis eligendi aut ad&#10;voluptatem doloribus vel accusantium quis pariatur&#10;molestiae porro eius odio et labore et velit aut)]&gt;&#10;" type="java.lang.AssertionError"><![CDATA[java.lang.AssertionError: 
[Deleted post is not expected to be in a list] 
Expecting
 <[PostPojo(userId=1, id=1, title=sunt aut facere repellat provident occaecati excepturi optio reprehenderit, body=quia et suscipit
suscipit recusandae consequuntur expedita et cum
reprehenderit molestiae ut ut quas totam
nostrum rerum est autem sunt rem eveniet architecto),
    PostPojo(userId=1, id=2, title=qui est esse, body=est rerum tempore vitae
sequi sint nihil reprehenderit dolor beatae ea dolores neque
fugiat blanditiis voluptate porro vel nihil molestiae ut reiciendis
qui aperiam non debitis possimus qui neque nisi nulla),
    PostPojo(userId=1, id=3, title=ea molestias quasi exercitationem repellat qui ipsa sit aut, body=et iusto sed quo iure
voluptatem occaecati omnis eligendi aut ad
voluptatem doloribus vel accusantium quis pariatur
molestiae porro eius odio et labore et velit aut),
    PostPojo(userId=1, id=4, title=eum et est occaecati, body=ullam et saepe reiciendis voluptatem adipisci
sit amet autem assumenda provident rerum culpa
quis hic commodi nesciunt rem tenetur doloremque ipsam iure
quis sunt voluptatem rerum illo velit),
    PostPojo(userId=1, id=5, title=nesciunt quas odio, body=repudiandae veniam quaerat sunt sed
alias aut fugiat sit autem sed est
voluptatem omnis possimus esse voluptatibus quis
est aut tenetur dolor neque),
    PostPojo(userId=1, id=6, title=dolorem eum magni eos aperiam quia, body=ut aspernatur corporis harum nihil quis provident sequi
mollitia nobis aliquid molestiae
perspiciatis et ea nemo ab reprehenderit accusantium quas
voluptate dolores velit et doloremque molestiae),
    PostPojo(userId=1, id=7, title=magnam facilis autem, body=dolore placeat quibusdam ea quo vitae
magni quis enim qui quis quo nemo aut saepe
quidem repellat excepturi ut quia
sunt ut sequi eos ea sed quas),
    PostPojo(userId=1, id=8, title=dolorem dolore est ipsam, body=dignissimos aperiam dolorem qui eum
facilis quibusdam animi sint suscipit qui sint possimus cum
quaerat magni maiores excepturi
ipsam ut commodi dolor voluptatum modi aut vitae),
    PostPojo(userId=1, id=9, title=nesciunt iure omnis dolorem tempora et accusantium, body=consectetur animi nesciunt iure dolore
enim quia ad
veniam autem ut quam aut nobis
et est aut quod aut provident voluptas autem voluptas),
    PostPojo(userId=1, id=10, title=optio molestias id quia eum, body=quo et expedita modi cum officia vel magni
doloribus qui repudiandae
vero nisi sit
quos veniam quod sed accusamus veritatis error),
    PostPojo(userId=2, id=11, title=et ea vero quia laudantium autem, body=delectus reiciendis molestiae occaecati non minima eveniet qui voluptatibus
accusamus in eum beatae sit
vel qui neque voluptates ut commodi qui incidunt
ut animi commodi),
    PostPojo(userId=2, id=12, title=in quibusdam tempore odit est dolorem, body=itaque id aut magnam
praesentium quia et ea odit et ea voluptas et
sapiente quia nihil amet occaecati quia id voluptatem
incidunt ea est distinctio odio),
    PostPojo(userId=2, id=13, title=dolorum ut in voluptas mollitia et saepe quo animi, body=aut dicta possimus sint mollitia voluptas commodi quo doloremque
iste corrupti reiciendis voluptatem eius rerum
sit cumque quod eligendi laborum minima
perferendis recusandae assumenda consectetur porro architecto ipsum ipsam),
    PostPojo(userId=2, id=14, title=voluptatem eligendi optio, body=fuga et accusamus dolorum perferendis illo voluptas
non doloremque neque facere
ad qui dolorum molestiae beatae
sed aut voluptas totam sit illum),
    PostPojo(userId=2, id=15, title=eveniet quod temporibus, body=reprehenderit quos placeat
velit minima officia dolores impedit repudiandae molestiae nam
voluptas recusandae quis delectus
officiis harum fugiat vitae),
    PostPojo(userId=2, id=16, title=sint suscipit perspiciatis velit dolorum rerum ipsa laboriosam odio, body=suscipit nam nisi quo aperiam aut
asperiores eos fugit maiores voluptatibus quia
voluptatem quis ullam qui in alias quia est
consequatur magni mollitia accusamus ea nisi voluptate dicta),
    PostPojo(userId=2, id=17, title=fugit voluptas sed molestias voluptatem provident, body=eos voluptas et aut odit natus earum
aspernatur fuga molestiae ullam
deserunt ratione qui eos
qui nihil ratione nemo velit ut aut id quo),
    PostPojo(userId=2, id=18, title=voluptate et itaque vero tempora molestiae, body=eveniet quo quis
laborum totam consequatur non dolor
ut et est repudiandae
est voluptatem vel debitis et magnam),
    PostPojo(userId=2, id=19, title=adipisci placeat illum aut reiciendis qui, body=illum quis cupiditate provident sit magnam
ea sed aut omnis
veniam maiores ullam consequatur atque
adipisci quo iste expedita sit quos voluptas),
    PostPojo(userId=2, id=20, title=doloribus ad provident suscipit at, body=qui consequuntur ducimus possimus quisquam amet similique
suscipit porro ipsam amet
eos veritatis officiis exercitationem vel fugit aut necessitatibus totam
omnis rerum consequatur expedita quidem cumque explicabo),
    PostPojo(userId=3, id=21, title=asperiores ea ipsam voluptatibus modi minima quia sint, body=repellat aliquid praesentium dolorem quo
sed totam minus non itaque
nihil labore molestiae sunt dolor eveniet hic recusandae veniam
tempora et tenetur expedita sunt),
    PostPojo(userId=3, id=22, title=dolor sint quo a velit explicabo quia nam, body=eos qui et ipsum ipsam suscipit aut
sed omnis non odio
expedita earum mollitia molestiae aut atque rem suscipit
nam impedit esse),
    PostPojo(userId=3, id=23, title=maxime id vitae nihil numquam, body=veritatis unde neque eligendi
quae quod architecto quo neque vitae
est illo sit tempora doloremque fugit quod
et et vel beatae sequi ullam sed tenetur perspiciatis),
    PostPojo(userId=3, id=24, title=autem hic labore sunt dolores incidunt, body=enim et ex nulla
omnis voluptas quia qui
voluptatem consequatur numquam aliquam sunt
totam recusandae id dignissimos aut sed asperiores deserunt),
    PostPojo(userId=3, id=25, title=rem alias distinctio quo quis, body=ullam consequatur ut
omnis quis sit vel consequuntur
ipsa eligendi ipsum molestiae et omnis error nostrum
molestiae illo tempore quia et distinctio),
    PostPojo(userId=3, id=26, title=est et quae odit qui non, body=similique esse doloribus nihil accusamus
omnis dolorem fuga consequuntur reprehenderit fugit recusandae temporibus
perspiciatis cum ut laudantium
omnis aut molestiae vel vero),
    PostPojo(userId=3, id=27, title=quasi id et eos tenetur aut quo autem, body=eum sed dolores ipsam sint possimus debitis occaecati
debitis qui qui et
ut placeat enim earum aut odit facilis
consequatur suscipit necessitatibus rerum sed inventore temporibus consequatur),
    PostPojo(userId=3, id=28, title=delectus ullam et corporis nulla voluptas sequi, body=non et quaerat ex quae ad maiores
maiores recusandae totam aut blanditiis mollitia quas illo
ut voluptatibus voluptatem
similique nostrum eum),
    PostPojo(userId=3, id=29, title=iusto eius quod necessitatibus culpa ea, body=odit magnam ut saepe sed non qui
tempora atque nihil
accusamus illum doloribus illo dolor
eligendi repudiandae odit magni similique sed cum maiores),
    PostPojo(userId=3, id=30, title=a quo magni similique perferendis, body=alias dolor cumque
impedit blanditiis non eveniet odio maxime
blanditiis amet eius quis tempora quia autem rem
a provident perspiciatis quia),
    PostPojo(userId=4, id=31, title=ullam ut quidem id aut vel consequuntur, body=debitis eius sed quibusdam non quis consectetur vitae
impedit ut qui consequatur sed aut in
quidem sit nostrum et maiores adipisci atque
quaerat voluptatem adipisci repudiandae),
    PostPojo(userId=4, id=32, title=doloremque illum aliquid sunt, body=deserunt eos nobis asperiores et hic
est debitis repellat molestiae optio
nihil ratione ut eos beatae quibusdam distinctio maiores
earum voluptates et aut adipisci ea maiores voluptas maxime),
    PostPojo(userId=4, id=33, title=qui explicabo molestiae dolorem, body=rerum ut et numquam laborum odit est sit
id qui sint in
quasi tenetur tempore aperiam et quaerat qui in
rerum officiis sequi cumque quod),
    PostPojo(userId=4, id=34, title=magnam ut rerum iure, body=ea velit perferendis earum ut voluptatem voluptate itaque iusto
totam pariatur in
nemo voluptatem voluptatem autem magni tempora minima in
est distinctio qui assumenda accusamus dignissimos officia nesciunt nobis),
    PostPojo(userId=4, id=35, title=id nihil consequatur molestias animi provident, body=nisi error delectus possimus ut eligendi vitae
placeat eos harum cupiditate facilis reprehenderit voluptatem beatae
modi ducimus quo illum voluptas eligendi
et nobis quia fugit),
    PostPojo(userId=4, id=36, title=fuga nam accusamus voluptas reiciendis itaque, body=ad mollitia et omnis minus architecto odit
voluptas doloremque maxime aut non ipsa qui alias veniam
blanditiis culpa aut quia nihil cumque facere et occaecati
qui aspernatur quia eaque ut aperiam inventore),
    PostPojo(userId=4, id=37, title=provident vel ut sit ratione est, body=debitis et eaque non officia sed nesciunt pariatur vel
voluptatem iste vero et ea
numquam aut expedita ipsum nulla in
voluptates omnis consequatur aut enim officiis in quam qui),
    PostPojo(userId=4, id=38, title=explicabo et eos deleniti nostrum ab id repellendus, body=animi esse sit aut sit nesciunt assumenda eum voluptas
quia voluptatibus provident quia necessitatibus ea
rerum repudiandae quia voluptatem delectus fugit aut id quia
ratione optio eos iusto veniam iure),
    PostPojo(userId=4, id=39, title=eos dolorem iste accusantium est eaque quam, body=corporis rerum ducimus vel eum accusantium
maxime aspernatur a porro possimus iste omnis
est in deleniti asperiores fuga aut
voluptas sapiente vel dolore minus voluptatem incidunt ex),
    PostPojo(userId=4, id=40, title=enim quo cumque, body=ut voluptatum aliquid illo tenetur nemo sequi quo facilis
ipsum rem optio mollitia quas
voluptatem eum voluptas qui
unde omnis voluptatem iure quasi maxime voluptas nam),
    PostPojo(userId=5, id=41, title=non est facere, body=molestias id nostrum
excepturi molestiae dolore omnis repellendus quaerat saepe
consectetur iste quaerat tenetur asperiores accusamus ex ut
nam quidem est ducimus sunt debitis saepe),
    PostPojo(userId=5, id=42, title=commodi ullam sint et excepturi error explicabo praesentium voluptas, body=odio fugit voluptatum ducimus earum autem est incidunt voluptatem
odit reiciendis aliquam sunt sequi nulla dolorem
non facere repellendus voluptates quia
ratione harum vitae ut),
    PostPojo(userId=5, id=43, title=eligendi iste nostrum consequuntur adipisci praesentium sit beatae perferendis, body=similique fugit est
illum et dolorum harum et voluptate eaque quidem
exercitationem quos nam commodi possimus cum odio nihil nulla
dolorum exercitationem magnam ex et a et distinctio debitis),
    PostPojo(userId=5, id=44, title=optio dolor molestias sit, body=temporibus est consectetur dolore
et libero debitis vel velit laboriosam quia
ipsum quibusdam qui itaque fuga rem aut
ea et iure quam sed maxime ut distinctio quae),
    PostPojo(userId=5, id=45, title=ut numquam possimus omnis eius suscipit laudantium iure, body=est natus reiciendis nihil possimus aut provident
ex et dolor
repellat pariatur est
nobis rerum repellendus dolorem autem),
    PostPojo(userId=5, id=46, title=aut quo modi neque nostrum ducimus, body=voluptatem quisquam iste
voluptatibus natus officiis facilis dolorem
quis quas ipsam
vel et voluptatum in aliquid),
    PostPojo(userId=5, id=47, title=quibusdam cumque rem aut deserunt, body=voluptatem assumenda ut qui ut cupiditate aut impedit veniam
occaecati nemo illum voluptatem laudantium
molestiae beatae rerum ea iure soluta nostrum
eligendi et voluptate),
    PostPojo(userId=5, id=48, title=ut voluptatem illum ea doloribus itaque eos, body=voluptates quo voluptatem facilis iure occaecati
vel assumenda rerum officia et
illum perspiciatis ab deleniti
laudantium repellat ad ut et autem reprehenderit),
    PostPojo(userId=5, id=49, title=laborum non sunt aut ut assumenda perspiciatis voluptas, body=inventore ab sint
natus fugit id nulla sequi architecto nihil quaerat
eos tenetur in in eum veritatis non
quibusdam officiis aspernatur cumque aut commodi aut),
    PostPojo(userId=5, id=50, title=repellendus qui recusandae incidunt voluptates tenetur qui omnis exercitationem, body=error suscipit maxime adipisci consequuntur recusandae
voluptas eligendi et est et voluptates
quia distinctio ab amet quaerat molestiae et vitae
adipisci impedit sequi nesciunt quis consectetur),
    PostPojo(userId=6, id=51, title=soluta aliquam aperiam consequatur illo quis voluptas, body=sunt dolores aut doloribus
dolore doloribus voluptates tempora et
doloremque et quo
cum asperiores sit consectetur dolorem),
    PostPojo(userId=6, id=52, title=qui enim et consequuntur quia animi quis voluptate quibusdam, body=iusto est quibusdam fuga quas quaerat molestias
a enim ut sit accusamus enim
temporibus iusto accusantium provident architecto
soluta esse reprehenderit qui laborum),
    PostPojo(userId=6, id=53, title=ut quo aut ducimus alias, body=minima harum praesentium eum rerum illo dolore
quasi exercitationem rerum nam
porro quis neque quo
consequatur minus dolor quidem veritatis sunt non explicabo similique),
    PostPojo(userId=6, id=54, title=sit asperiores ipsam eveniet odio non quia, body=totam corporis dignissimos
vitae dolorem ut occaecati accusamus
ex velit deserunt
et exercitationem vero incidunt corrupti mollitia),
    PostPojo(userId=6, id=55, title=sit vel voluptatem et non libero, body=debitis excepturi ea perferendis harum libero optio
eos accusamus cum fuga ut sapiente repudiandae
et ut incidunt omnis molestiae
nihil ut eum odit),
    PostPojo(userId=6, id=56, title=qui et at rerum necessitatibus, body=aut est omnis dolores
neque rerum quod ea rerum velit pariatur beatae excepturi
et provident voluptas corrupti
corporis harum reprehenderit dolores eligendi),
    PostPojo(userId=6, id=57, title=sed ab est est, body=at pariatur consequuntur earum quidem
quo est laudantium soluta voluptatem
qui ullam et est
et cum voluptas voluptatum repellat est),
    PostPojo(userId=6, id=58, title=voluptatum itaque dolores nisi et quasi, body=veniam voluptatum quae adipisci id
et id quia eos ad et dolorem
aliquam quo nisi sunt eos impedit error
ad similique veniam),
    PostPojo(userId=6, id=59, title=qui commodi dolor at maiores et quis id accusantium, body=perspiciatis et quam ea autem temporibus non voluptatibus qui
beatae a earum officia nesciunt dolores suscipit voluptas et
animi doloribus cum rerum quas et magni
et hic ut ut commodi expedita sunt),
    PostPojo(userId=6, id=60, title=consequatur placeat omnis quisquam quia reprehenderit fugit veritatis facere, body=asperiores sunt ab assumenda cumque modi velit
qui esse omnis
voluptate et fuga perferendis voluptas
illo ratione amet aut et omnis),
    PostPojo(userId=7, id=61, title=voluptatem doloribus consectetur est ut ducimus, body=ab nemo optio odio
delectus tenetur corporis similique nobis repellendus rerum omnis facilis
vero blanditiis debitis in nesciunt doloribus dicta dolores
magnam minus velit),
    PostPojo(userId=7, id=62, title=beatae enim quia vel, body=enim aspernatur illo distinctio quae praesentium
beatae alias amet delectus qui voluptate distinctio
odit sint accusantium autem omnis
quo molestiae omnis ea eveniet optio),
    PostPojo(userId=7, id=63, title=voluptas blanditiis repellendus animi ducimus error sapiente et suscipit, body=enim adipisci aspernatur nemo
numquam omnis facere dolorem dolor ex quis temporibus incidunt
ab delectus culpa quo reprehenderit blanditiis asperiores
accusantium ut quam in voluptatibus voluptas ipsam dicta),
    PostPojo(userId=7, id=64, title=et fugit quas eum in in aperiam quod, body=id velit blanditiis
eum ea voluptatem
molestiae sint occaecati est eos perspiciatis
incidunt a error provident eaque aut aut qui),
    PostPojo(userId=7, id=65, title=consequatur id enim sunt et et, body=voluptatibus ex esse
sint explicabo est aliquid cumque adipisci fuga repellat labore
molestiae corrupti ex saepe at asperiores et perferendis
natus id esse incidunt pariatur),
    PostPojo(userId=7, id=66, title=repudiandae ea animi iusto, body=officia veritatis tenetur vero qui itaque
sint non ratione
sed et ut asperiores iusto eos molestiae nostrum
veritatis quibusdam et nemo iusto saepe),
    PostPojo(userId=7, id=67, title=aliquid eos sed fuga est maxime repellendus, body=reprehenderit id nostrum
voluptas doloremque pariatur sint et accusantium quia quod aspernatur
et fugiat amet
non sapiente et consequatur necessitatibus molestiae),
    PostPojo(userId=7, id=68, title=odio quis facere architecto reiciendis optio, body=magnam molestiae perferendis quisquam
qui cum reiciendis
quaerat animi amet hic inventore
ea quia deleniti quidem saepe porro velit),
    PostPojo(userId=7, id=69, title=fugiat quod pariatur odit minima, body=officiis error culpa consequatur modi asperiores et
dolorum assumenda voluptas et vel qui aut vel rerum
voluptatum quisquam perspiciatis quia rerum consequatur totam quas
sequi commodi repudiandae asperiores et saepe a),
    PostPojo(userId=7, id=70, title=voluptatem laborum magni, body=sunt repellendus quae
est asperiores aut deleniti esse accusamus repellendus quia aut
quia dolorem unde
eum tempora esse dolore),
    PostPojo(userId=8, id=71, title=et iusto veniam et illum aut fuga, body=occaecati a doloribus
iste saepe consectetur placeat eum voluptate dolorem et
qui quo quia voluptas
rerum ut id enim velit est perferendis),
    PostPojo(userId=8, id=72, title=sint hic doloribus consequatur eos non id, body=quam occaecati qui deleniti consectetur
consequatur aut facere quas exercitationem aliquam hic voluptas
neque id sunt ut aut accusamus
sunt consectetur expedita inventore velit),
    PostPojo(userId=8, id=73, title=consequuntur deleniti eos quia temporibus ab aliquid at, body=voluptatem cumque tenetur consequatur expedita ipsum nemo quia explicabo
aut eum minima consequatur
tempore cumque quae est et
et in consequuntur voluptatem voluptates aut),
    PostPojo(userId=8, id=74, title=enim unde ratione doloribus quas enim ut sit sapiente, body=odit qui et et necessitatibus sint veniam
mollitia amet doloremque molestiae commodi similique magnam et quam
blanditiis est itaque
quo et tenetur ratione occaecati molestiae tempora),
    PostPojo(userId=8, id=75, title=dignissimos eum dolor ut enim et delectus in, body=commodi non non omnis et voluptas sit
autem aut nobis magnam et sapiente voluptatem
et laborum repellat qui delectus facilis temporibus
rerum amet et nemo voluptate expedita adipisci error dolorem),
    PostPojo(userId=8, id=76, title=doloremque officiis ad et non perferendis, body=ut animi facere
totam iusto tempore
molestiae eum aut et dolorem aperiam
quaerat recusandae totam odio),
    PostPojo(userId=8, id=77, title=necessitatibus quasi exercitationem odio, body=modi ut in nulla repudiandae dolorum nostrum eos
aut consequatur omnis
ut incidunt est omnis iste et quam
voluptates sapiente aliquam asperiores nobis amet corrupti repudiandae provident),
    PostPojo(userId=8, id=78, title=quam voluptatibus rerum veritatis, body=nobis facilis odit tempore cupiditate quia
assumenda doloribus rerum qui ea
illum et qui totam
aut veniam repellendus),
    PostPojo(userId=8, id=79, title=pariatur consequatur quia magnam autem omnis non amet, body=libero accusantium et et facere incidunt sit dolorem
non excepturi qui quia sed laudantium
quisquam molestiae ducimus est
officiis esse molestiae iste et quos),
    PostPojo(userId=8, id=80, title=labore in ex et explicabo corporis aut quas, body=ex quod dolorem ea eum iure qui provident amet
quia qui facere excepturi et repudiandae
asperiores molestias provident
minus incidunt vero fugit rerum sint sunt excepturi provident),
    PostPojo(userId=9, id=81, title=tempora rem veritatis voluptas quo dolores vero, body=facere qui nesciunt est voluptatum voluptatem nisi
sequi eligendi necessitatibus ea at rerum itaque
harum non ratione velit laboriosam quis consequuntur
ex officiis minima doloremque voluptas ut aut),
    PostPojo(userId=9, id=82, title=laudantium voluptate suscipit sunt enim enim, body=ut libero sit aut totam inventore sunt
porro sint qui sunt molestiae
consequatur cupiditate qui iste ducimus adipisci
dolor enim assumenda soluta laboriosam amet iste delectus hic),
    PostPojo(userId=9, id=83, title=odit et voluptates doloribus alias odio et, body=est molestiae facilis quis tempora numquam nihil qui
voluptate sapiente consequatur est qui
necessitatibus autem aut ipsa aperiam modi dolore numquam
reprehenderit eius rem quibusdam),
    PostPojo(userId=9, id=84, title=optio ipsam molestias necessitatibus occaecati facilis veritatis dolores aut, body=sint molestiae magni a et quos
eaque et quasi
ut rerum debitis similique veniam
recusandae dignissimos dolor incidunt consequatur odio),
    PostPojo(userId=9, id=85, title=dolore veritatis porro provident adipisci blanditiis et sunt, body=similique sed nisi voluptas iusto omnis
mollitia et quo
assumenda suscipit officia magnam sint sed tempora
enim provident pariatur praesentium atque animi amet ratione),
    PostPojo(userId=9, id=86, title=placeat quia et porro iste, body=quasi excepturi consequatur iste autem temporibus sed molestiae beatae
et quaerat et esse ut
voluptatem occaecati et vel explicabo autem
asperiores pariatur deserunt optio),
    PostPojo(userId=9, id=87, title=nostrum quis quasi placeat, body=eos et molestiae
nesciunt ut a
dolores perspiciatis repellendus repellat aliquid
magnam sint rem ipsum est),
    PostPojo(userId=9, id=88, title=sapiente omnis fugit eos, body=consequatur omnis est praesentium
ducimus non iste
neque hic deserunt
voluptatibus veniam cum et rerum sed),
    PostPojo(userId=9, id=89, title=sint soluta et vel magnam aut ut sed qui, body=repellat aut aperiam totam temporibus autem et
architecto magnam ut
consequatur qui cupiditate rerum quia soluta dignissimos nihil iure
tempore quas est),
    PostPojo(userId=9, id=90, title=ad iusto omnis odit dolor voluptatibus, body=minus omnis soluta quia
qui sed adipisci voluptates illum ipsam voluptatem
eligendi officia ut in
eos soluta similique molestias praesentium blanditiis),
    PostPojo(userId=10, id=91, title=aut amet sed, body=libero voluptate eveniet aperiam sed
sunt placeat suscipit molestias
similique fugit nam natus
expedita consequatur consequatur dolores quia eos et placeat),
    PostPojo(userId=10, id=92, title=ratione ex tenetur perferendis, body=aut et excepturi dicta laudantium sint rerum nihil
laudantium et at
a neque minima officia et similique libero et
commodi voluptate qui),
    PostPojo(userId=10, id=93, title=beatae soluta recusandae, body=dolorem quibusdam ducimus consequuntur dicta aut quo laboriosam
voluptatem quis enim recusandae ut sed sunt
nostrum est odit totam
sit error sed sunt eveniet provident qui nulla),
    PostPojo(userId=10, id=94, title=qui qui voluptates illo iste minima, body=aspernatur expedita soluta quo ab ut similique
expedita dolores amet
sed temporibus distinctio magnam saepe deleniti
omnis facilis nam ipsum natus sint similique omnis),
    PostPojo(userId=10, id=95, title=id minus libero illum nam ad officiis, body=earum voluptatem facere provident blanditiis velit laboriosam
pariatur accusamus odio saepe
cumque dolor qui a dicta ab doloribus consequatur omnis
corporis cupiditate eaque assumenda ad nesciunt),
    PostPojo(userId=10, id=96, title=quaerat velit veniam amet cupiditate aut numquam ut sequi, body=in non odio excepturi sint eum
labore voluptates vitae quia qui et
inventore itaque rerum
veniam non exercitationem delectus aut),
    PostPojo(userId=10, id=97, title=quas fugiat ut perspiciatis vero provident, body=eum non blanditiis soluta porro quibusdam voluptas
vel voluptatem qui placeat dolores qui velit aut
vel inventore aut cumque culpa explicabo aliquid at
perspiciatis est et voluptatem dignissimos dolor itaque sit nam),
    PostPojo(userId=10, id=98, title=laboriosam dolor voluptates, body=doloremque ex facilis sit sint culpa
soluta assumenda eligendi non ut eius
sequi ducimus vel quasi
veritatis est dolores),
    PostPojo(userId=10, id=99, title=temporibus sit alias delectus eligendi possimus magni, body=quo deleniti praesentium dicta non quod
aut est molestias
molestias et officia quis nihil
itaque dolorem quia),
    PostPojo(userId=10, id=100, title=at nam consequatur ea labore ea harum, body=cupiditate quo est a modi nesciunt soluta
ipsa voluptas error itaque dicta in
autem qui minus magnam et distinctio eum
accusamus ratione error aut)]>
not to contain
 <[PostPojo(userId=1, id=3, title=ea molestias quasi exercitationem repellat qui ipsa sit aut, body=et iusto sed quo iure
voluptatem occaecati omnis eligendi aut ad
voluptatem doloribus vel accusantium quis pariatur
molestiae porro eius odio et labore et velit aut)]>
but found
 <[PostPojo(userId=1, id=3, title=ea molestias quasi exercitationem repellat qui ipsa sit aut, body=et iusto sed quo iure
voluptatem occaecati omnis eligendi aut ad
voluptatem doloribus vel accusantium quis pariatur
molestiae porro eius odio et labore et velit aut)]>

	at com.bncu.tests.posts.crud.DeletePostTest.checkPostDeleting(DeletePostTest.java:26)
	at java.base/jdk.internal.reflect.NativeMethodAccessorImpl.invoke0(Native Method)
	at java.base/jdk.internal.reflect.NativeMethodAccessorImpl.invoke(NativeMethodAccessorImpl.java:77)
	at java.base/jdk.internal.reflect.DelegatingMethodAccessorImpl.invoke(DelegatingMethodAccessorImpl.java:43)
	at java.base/java.lang.reflect.Method.invoke(Method.java:568)
	at org.junit.runners.model.FrameworkMethod$1.runReflectiveCall(FrameworkMethod.java:59)
	at org.junit.internal.runners.model.ReflectiveCallable.run(ReflectiveCallable.java:12)
	at org.junit.runners.model.FrameworkMethod.invokeExplosively(FrameworkMethod.java:56)
	at org.junit.internal.runners.statements.InvokeMethod.evaluate(InvokeMethod.java:17)
	at org.junit.runners.ParentRunner$3.evaluate(ParentRunner.java:306)
	at org.junit.runners.BlockJUnit4ClassRunner$1.evaluate(BlockJUnit4ClassRunner.java:100)
	at org.junit.runners.ParentRunner.runLeaf(ParentRunner.java:366)
	at org.junit.runners.BlockJUnit4ClassRunner.runChild(BlockJUnit4ClassRunner.java:103)
	at org.junit.runners.BlockJUnit4ClassRunner.runChild(BlockJUnit4ClassRunner.java:63)
	at org.junit.runners.ParentRunner$4.run(ParentRunner.java:331)
	at org.junit.runners.ParentRunner$1.schedule(ParentRunner.java:79)
	at org.junit.runners.ParentRunner.runChildren(ParentRunner.java:329)
	at org.junit.runners.ParentRunner.access$100(ParentRunner.java:66)
	at org.junit.runners.ParentRunner$2.evaluate(ParentRunner.java:293)
	at org.junit.runners.ParentRunner$3.evaluate(ParentRunner.java:306)
	at org.junit.runners.ParentRunner.run(ParentRunner.java:413)
	at org.apache.maven.surefire.junit4.JUnit4Provider.execute(JUnit4Provider.java:377)
	at org.apache.maven.surefire.junit4.JUnit4Provider.executeWithRerun(JUnit4Provider.java:284)
	at org.apache.maven.surefire.junit4.JUnit4Provider.executeTestSet(JUnit4Provider.java:248)
	at org.apache.maven.surefire.junit4.JUnit4Provider.invoke(JUnit4Provider.java:167)
	at org.apache.maven.surefire.booter.ForkedBooter.runSuitesInProcess(ForkedBooter.java:456)
	at org.apache.maven.surefire.booter.ForkedBooter.execute(ForkedBooter.java:169)
	at org.apache.maven.surefire.booter.ForkedBooter.run(ForkedBooter.java:595)
	at org.apache.maven.surefire.booter.ForkedBooter.main(ForkedBooter.java:581)
]]></failure>
    <system-out><![CDATA[HTTP/1.1 200 OK
Date: Wed, 12 Apr 2023 16:31:04 GMT
Content-Type: application/json; charset=utf-8
Transfer-Encoding: chunked
Connection: keep-alive
X-Powered-By: Express
X-Ratelimit-Limit: 1000
X-Ratelimit-Remaining: 999
X-Ratelimit-Reset: 1678106056
Vary: Origin, Accept-Encoding
Access-Control-Allow-Credentials: true
Cache-Control: max-age=43200
Pragma: no-cache
Expires: -1
X-Content-Type-Options: nosniff
Etag: W/"11b-USacuIw5a/iXAGdNKBvqr/TbMTc"
Via: 1.1 vegur
CF-Cache-Status: HIT
Age: 24948
Report-To: {"endpoints":[{"url":"https:\/\/a.nel.cloudflare.com\/report\/v3?s=ceZ8p%2BLeVvZL6Om1XOY5c9ksLKWPzluehQAc5Os1SaNaKRnpKOwY25tL8NSbCZ9dJ2lsP1%2BM1slNZ69zlvu6gIho3jZ2X%2FxfFe8vNp6LFZFByiKsWQmbQ%2BuAf0tfoEIdypTcautAAWMyzJEG7F6O"}],"group":"cf-nel","max_age":604800}
NEL: {"success_fraction":0,"report_to":"cf-nel","max_age":604800}
Server: cloudflare
CF-RAY: 7b6cdb838b861673-WAW
Content-Encoding: gzip
alt-svc: h3=":443"; ma=86400, h3-29=":443"; ma=86400

{
    "userId": 1,
    "id": 3,
    "title": "ea molestias quasi exercitationem repellat qui ipsa sit aut",
    "body": "et iusto sed quo iure\nvoluptatem occaecati omnis eligendi aut ad\nvoluptatem doloribus vel accusantium quis pariatur\nmolestiae porro eius odio et labore et velit aut"
}
start test 6
HTTP/1.1 200 OK
Date: Wed, 12 Apr 2023 16:31:04 GMT
Content-Type: application/json; charset=utf-8
Content-Length: 2
Connection: keep-alive
X-Powered-By: Express
X-Ratelimit-Limit: 1000
X-Ratelimit-Remaining: 990
X-Ratelimit-Reset: 1681317093
Vary: Origin, Accept-Encoding
Access-Control-Allow-Credentials: true
Cache-Control: no-cache
Pragma: no-cache
Expires: -1
X-Content-Type-Options: nosniff
Etag: W/"2-vyGp6PvFo4RvsFtPoIWeCReyIC8"
Via: 1.1 vegur
CF-Cache-Status: DYNAMIC
Report-To: {"endpoints":[{"url":"https:\/\/a.nel.cloudflare.com\/report\/v3?s=SvfUFWrc9Sp%2BrfG%2FbNMFqAX6as0fmgTBpNJPlxpbLy%2BTbPWkG50OID5OBEakRvdUzBczwTWffenIHfcPik1WmMAjhmkE8qs%2Fzz0f4EZs%2BTTRM7TuMHJodUlbtMeg%2BopA7xG3Nx9tTfbbj4gmWPww"}],"group":"cf-nel","max_age":604800}
NEL: {"success_fraction":0,"report_to":"cf-nel","max_age":604800}
Server: cloudflare
CF-RAY: 7b6cdb83dcec5007-WAW
alt-svc: h3=":443"; ma=86400, h3-29=":443"; ma=86400

{
    
}
HTTP/1.1 200 OK
Date: Wed, 12 Apr 2023 16:31:04 GMT
Content-Type: application/json; charset=utf-8
Transfer-Encoding: chunked
Connection: keep-alive
X-Powered-By: Express
X-Ratelimit-Limit: 1000
X-Ratelimit-Remaining: 999
X-Ratelimit-Reset: 1681312713
Vary: Origin, Accept-Encoding
Access-Control-Allow-Credentials: true
Cache-Control: max-age=43200
Pragma: no-cache
Expires: -1
X-Content-Type-Options: nosniff
Etag: W/"6b80-Ybsq/K6GwwqrYkAsFxqDXGC7DoM"
Content-Encoding: gzip
Via: 1.1 vegur
CF-Cache-Status: HIT
Age: 4376
Report-To: {"endpoints":[{"url":"https:\/\/a.nel.cloudflare.com\/report\/v3?s=JRPxYE6ZxknUhOYzeqWEOwzY4sK8qiiBenLfR8zEP%2FXf%2FZQ%2BLs5r4BdajMx%2B2tVNDMaYZ68ZHROr3PQrzFmMLooNfFjmEvxNc0QkIX1ffPRejOB6wEDIcWaBw%2BV7IZuyHZnj5ORJAfkBt%2FZbqfYI"}],"group":"cf-nel","max_age":604800}
NEL: {"success_fraction":0,"report_to":"cf-nel","max_age":604800}
Server: cloudflare
CF-RAY: 7b6cdb857a71bfbc-WAW
alt-svc: h3=":443"; ma=86400, h3-29=":443"; ma=86400

[
    {
        "userId": 1,
        "id": 1,
        "title": "sunt aut facere repellat provident occaecati excepturi optio reprehenderit",
        "body": "quia et suscipit\nsuscipit recusandae consequuntur expedita et cum\nreprehenderit molestiae ut ut quas totam\nnostrum rerum est autem sunt rem eveniet architecto"
    },
    {
        "userId": 1,
        "id": 2,
        "title": "qui est esse",
        "body": "est rerum tempore vitae\nsequi sint nihil reprehenderit dolor beatae ea dolores neque\nfugiat blanditiis voluptate porro vel nihil molestiae ut reiciendis\nqui aperiam non debitis possimus qui neque nisi nulla"
    },
    {
        "userId": 1,
        "id": 3,
        "title": "ea molestias quasi exercitationem repellat qui ipsa sit aut",
        "body": "et iusto sed quo iure\nvoluptatem occaecati omnis eligendi aut ad\nvoluptatem doloribus vel accusantium quis pariatur\nmolestiae porro eius odio et labore et velit aut"
    },
    {
        "userId": 1,
        "id": 4,
        "title": "eum et est occaecati",
        "body": "ullam et saepe reiciendis voluptatem adipisci\nsit amet autem assumenda provident rerum culpa\nquis hic commodi nesciunt rem tenetur doloremque ipsam iure\nquis sunt voluptatem rerum illo velit"
    },
    {
        "userId": 1,
        "id": 5,
        "title": "nesciunt quas odio",
        "body": "repudiandae veniam quaerat sunt sed\nalias aut fugiat sit autem sed est\nvoluptatem omnis possimus esse voluptatibus quis\nest aut tenetur dolor neque"
    },
    {
        "userId": 1,
        "id": 6,
        "title": "dolorem eum magni eos aperiam quia",
        "body": "ut aspernatur corporis harum nihil quis provident sequi\nmollitia nobis aliquid molestiae\nperspiciatis et ea nemo ab reprehenderit accusantium quas\nvoluptate dolores velit et doloremque molestiae"
    },
    {
        "userId": 1,
        "id": 7,
        "title": "magnam facilis autem",
        "body": "dolore placeat quibusdam ea quo vitae\nmagni quis enim qui quis quo nemo aut saepe\nquidem repellat excepturi ut quia\nsunt ut sequi eos ea sed quas"
    },
    {
        "userId": 1,
        "id": 8,
        "title": "dolorem dolore est ipsam",
        "body": "dignissimos aperiam dolorem qui eum\nfacilis quibusdam animi sint suscipit qui sint possimus cum\nquaerat magni maiores excepturi\nipsam ut commodi dolor voluptatum modi aut vitae"
    },
    {
        "userId": 1,
        "id": 9,
        "title": "nesciunt iure omnis dolorem tempora et accusantium",
        "body": "consectetur animi nesciunt iure dolore\nenim quia ad\nveniam autem ut quam aut nobis\net est aut quod aut provident voluptas autem voluptas"
    },
    {
        "userId": 1,
        "id": 10,
        "title": "optio molestias id quia eum",
        "body": "quo et expedita modi cum officia vel magni\ndoloribus qui repudiandae\nvero nisi sit\nquos veniam quod sed accusamus veritatis error"
    },
    {
        "userId": 2,
        "id": 11,
        "title": "et ea vero quia laudantium autem",
        "body": "delectus reiciendis molestiae occaecati non minima eveniet qui voluptatibus\naccusamus in eum beatae sit\nvel qui neque voluptates ut commodi qui incidunt\nut animi commodi"
    },
    {
        "userId": 2,
        "id": 12,
        "title": "in quibusdam tempore odit est dolorem",
        "body": "itaque id aut magnam\npraesentium quia et ea odit et ea voluptas et\nsapiente quia nihil amet occaecati quia id voluptatem\nincidunt ea est distinctio odio"
    },
    {
        "userId": 2,
        "id": 13,
        "title": "dolorum ut in voluptas mollitia et saepe quo animi",
        "body": "aut dicta possimus sint mollitia voluptas commodi quo doloremque\niste corrupti reiciendis voluptatem eius rerum\nsit cumque quod eligendi laborum minima\nperferendis recusandae assumenda consectetur porro architecto ipsum ipsam"
    },
    {
        "userId": 2,
        "id": 14,
        "title": "voluptatem eligendi optio",
        "body": "fuga et accusamus dolorum perferendis illo voluptas\nnon doloremque neque facere\nad qui dolorum molestiae beatae\nsed aut voluptas totam sit illum"
    },
    {
        "userId": 2,
        "id": 15,
        "title": "eveniet quod temporibus",
        "body": "reprehenderit quos placeat\nvelit minima officia dolores impedit repudiandae molestiae nam\nvoluptas recusandae quis delectus\nofficiis harum fugiat vitae"
    },
    {
        "userId": 2,
        "id": 16,
        "title": "sint suscipit perspiciatis velit dolorum rerum ipsa laboriosam odio",
        "body": "suscipit nam nisi quo aperiam aut\nasperiores eos fugit maiores voluptatibus quia\nvoluptatem quis ullam qui in alias quia est\nconsequatur magni mollitia accusamus ea nisi voluptate dicta"
    },
    {
        "userId": 2,
        "id": 17,
        "title": "fugit voluptas sed molestias voluptatem provident",
        "body": "eos voluptas et aut odit natus earum\naspernatur fuga molestiae ullam\ndeserunt ratione qui eos\nqui nihil ratione nemo velit ut aut id quo"
    },
    {
        "userId": 2,
        "id": 18,
        "title": "voluptate et itaque vero tempora molestiae",
        "body": "eveniet quo quis\nlaborum totam consequatur non dolor\nut et est repudiandae\nest voluptatem vel debitis et magnam"
    },
    {
        "userId": 2,
        "id": 19,
        "title": "adipisci placeat illum aut reiciendis qui",
        "body": "illum quis cupiditate provident sit magnam\nea sed aut omnis\nveniam maiores ullam consequatur atque\nadipisci quo iste expedita sit quos voluptas"
    },
    {
        "userId": 2,
        "id": 20,
        "title": "doloribus ad provident suscipit at",
        "body": "qui consequuntur ducimus possimus quisquam amet similique\nsuscipit porro ipsam amet\neos veritatis officiis exercitationem vel fugit aut necessitatibus totam\nomnis rerum consequatur expedita quidem cumque explicabo"
    },
    {
        "userId": 3,
        "id": 21,
        "title": "asperiores ea ipsam voluptatibus modi minima quia sint",
        "body": "repellat aliquid praesentium dolorem quo\nsed totam minus non itaque\nnihil labore molestiae sunt dolor eveniet hic recusandae veniam\ntempora et tenetur expedita sunt"
    },
    {
        "userId": 3,
        "id": 22,
        "title": "dolor sint quo a velit explicabo quia nam",
        "body": "eos qui et ipsum ipsam suscipit aut\nsed omnis non odio\nexpedita earum mollitia molestiae aut atque rem suscipit\nnam impedit esse"
    },
    {
        "userId": 3,
        "id": 23,
        "title": "maxime id vitae nihil numquam",
        "body": "veritatis unde neque eligendi\nquae quod architecto quo neque vitae\nest illo sit tempora doloremque fugit quod\net et vel beatae sequi ullam sed tenetur perspiciatis"
    },
    {
        "userId": 3,
        "id": 24,
        "title": "autem hic labore sunt dolores incidunt",
        "body": "enim et ex nulla\nomnis voluptas quia qui\nvoluptatem consequatur numquam aliquam sunt\ntotam recusandae id dignissimos aut sed asperiores deserunt"
    },
    {
        "userId": 3,
        "id": 25,
        "title": "rem alias distinctio quo quis",
        "body": "ullam consequatur ut\nomnis quis sit vel consequuntur\nipsa eligendi ipsum molestiae et omnis error nostrum\nmolestiae illo tempore quia et distinctio"
    },
    {
        "userId": 3,
        "id": 26,
        "title": "est et quae odit qui non",
        "body": "similique esse doloribus nihil accusamus\nomnis dolorem fuga consequuntur reprehenderit fugit recusandae temporibus\nperspiciatis cum ut laudantium\nomnis aut molestiae vel vero"
    },
    {
        "userId": 3,
        "id": 27,
        "title": "quasi id et eos tenetur aut quo autem",
        "body": "eum sed dolores ipsam sint possimus debitis occaecati\ndebitis qui qui et\nut placeat enim earum aut odit facilis\nconsequatur suscipit necessitatibus rerum sed inventore temporibus consequatur"
    },
    {
        "userId": 3,
        "id": 28,
        "title": "delectus ullam et corporis nulla voluptas sequi",
        "body": "non et quaerat ex quae ad maiores\nmaiores recusandae totam aut blanditiis mollitia quas illo\nut voluptatibus voluptatem\nsimilique nostrum eum"
    },
    {
        "userId": 3,
        "id": 29,
        "title": "iusto eius quod necessitatibus culpa ea",
        "body": "odit magnam ut saepe sed non qui\ntempora atque nihil\naccusamus illum doloribus illo dolor\neligendi repudiandae odit magni similique sed cum maiores"
    },
    {
        "userId": 3,
        "id": 30,
        "title": "a quo magni similique perferendis",
        "body": "alias dolor cumque\nimpedit blanditiis non eveniet odio maxime\nblanditiis amet eius quis tempora quia autem rem\na provident perspiciatis quia"
    },
    {
        "userId": 4,
        "id": 31,
        "title": "ullam ut quidem id aut vel consequuntur",
        "body": "debitis eius sed quibusdam non quis consectetur vitae\nimpedit ut qui consequatur sed aut in\nquidem sit nostrum et maiores adipisci atque\nquaerat voluptatem adipisci repudiandae"
    },
    {
        "userId": 4,
        "id": 32,
        "title": "doloremque illum aliquid sunt",
        "body": "deserunt eos nobis asperiores et hic\nest debitis repellat molestiae optio\nnihil ratione ut eos beatae quibusdam distinctio maiores\nearum voluptates et aut adipisci ea maiores voluptas maxime"
    },
    {
        "userId": 4,
        "id": 33,
        "title": "qui explicabo molestiae dolorem",
        "body": "rerum ut et numquam laborum odit est sit\nid qui sint in\nquasi tenetur tempore aperiam et quaerat qui in\nrerum officiis sequi cumque quod"
    },
    {
        "userId": 4,
        "id": 34,
        "title": "magnam ut rerum iure",
        "body": "ea velit perferendis earum ut voluptatem voluptate itaque iusto\ntotam pariatur in\nnemo voluptatem voluptatem autem magni tempora minima in\nest distinctio qui assumenda accusamus dignissimos officia nesciunt nobis"
    },
    {
        "userId": 4,
        "id": 35,
        "title": "id nihil consequatur molestias animi provident",
        "body": "nisi error delectus possimus ut eligendi vitae\nplaceat eos harum cupiditate facilis reprehenderit voluptatem beatae\nmodi ducimus quo illum voluptas eligendi\net nobis quia fugit"
    },
    {
        "userId": 4,
        "id": 36,
        "title": "fuga nam accusamus voluptas reiciendis itaque",
        "body": "ad mollitia et omnis minus architecto odit\nvoluptas doloremque maxime aut non ipsa qui alias veniam\nblanditiis culpa aut quia nihil cumque facere et occaecati\nqui aspernatur quia eaque ut aperiam inventore"
    },
    {
        "userId": 4,
        "id": 37,
        "title": "provident vel ut sit ratione est",
        "body": "debitis et eaque non officia sed nesciunt pariatur vel\nvoluptatem iste vero et ea\nnumquam aut expedita ipsum nulla in\nvoluptates omnis consequatur aut enim officiis in quam qui"
    },
    {
        "userId": 4,
        "id": 38,
        "title": "explicabo et eos deleniti nostrum ab id repellendus",
        "body": "animi esse sit aut sit nesciunt assumenda eum voluptas\nquia voluptatibus provident quia necessitatibus ea\nrerum repudiandae quia voluptatem delectus fugit aut id quia\nratione optio eos iusto veniam iure"
    },
    {
        "userId": 4,
        "id": 39,
        "title": "eos dolorem iste accusantium est eaque quam",
        "body": "corporis rerum ducimus vel eum accusantium\nmaxime aspernatur a porro possimus iste omnis\nest in deleniti asperiores fuga aut\nvoluptas sapiente vel dolore minus voluptatem incidunt ex"
    },
    {
        "userId": 4,
        "id": 40,
        "title": "enim quo cumque",
        "body": "ut voluptatum aliquid illo tenetur nemo sequi quo facilis\nipsum rem optio mollitia quas\nvoluptatem eum voluptas qui\nunde omnis voluptatem iure quasi maxime voluptas nam"
    },
    {
        "userId": 5,
        "id": 41,
        "title": "non est facere",
        "body": "molestias id nostrum\nexcepturi molestiae dolore omnis repellendus quaerat saepe\nconsectetur iste quaerat tenetur asperiores accusamus ex ut\nnam quidem est ducimus sunt debitis saepe"
    },
    {
        "userId": 5,
        "id": 42,
        "title": "commodi ullam sint et excepturi error explicabo praesentium voluptas",
        "body": "odio fugit voluptatum ducimus earum autem est incidunt voluptatem\nodit reiciendis aliquam sunt sequi nulla dolorem\nnon facere repellendus voluptates quia\nratione harum vitae ut"
    },
    {
        "userId": 5,
        "id": 43,
        "title": "eligendi iste nostrum consequuntur adipisci praesentium sit beatae perferendis",
        "body": "similique fugit est\nillum et dolorum harum et voluptate eaque quidem\nexercitationem quos nam commodi possimus cum odio nihil nulla\ndolorum exercitationem magnam ex et a et distinctio debitis"
    },
    {
        "userId": 5,
        "id": 44,
        "title": "optio dolor molestias sit",
        "body": "temporibus est consectetur dolore\net libero debitis vel velit laboriosam quia\nipsum quibusdam qui itaque fuga rem aut\nea et iure quam sed maxime ut distinctio quae"
    },
    {
        "userId": 5,
        "id": 45,
        "title": "ut numquam possimus omnis eius suscipit laudantium iure",
        "body": "est natus reiciendis nihil possimus aut provident\nex et dolor\nrepellat pariatur est\nnobis rerum repellendus dolorem autem"
    },
    {
        "userId": 5,
        "id": 46,
        "title": "aut quo modi neque nostrum ducimus",
        "body": "voluptatem quisquam iste\nvoluptatibus natus officiis facilis dolorem\nquis quas ipsam\nvel et voluptatum in aliquid"
    },
    {
        "userId": 5,
        "id": 47,
        "title": "quibusdam cumque rem aut deserunt",
        "body": "voluptatem assumenda ut qui ut cupiditate aut impedit veniam\noccaecati nemo illum voluptatem laudantium\nmolestiae beatae rerum ea iure soluta nostrum\neligendi et voluptate"
    },
    {
        "userId": 5,
        "id": 48,
        "title": "ut voluptatem illum ea doloribus itaque eos",
        "body": "voluptates quo voluptatem facilis iure occaecati\nvel assumenda rerum officia et\nillum perspiciatis ab deleniti\nlaudantium repellat ad ut et autem reprehenderit"
    },
    {
        "userId": 5,
        "id": 49,
        "title": "laborum non sunt aut ut assumenda perspiciatis voluptas",
        "body": "inventore ab sint\nnatus fugit id nulla sequi architecto nihil quaerat\neos tenetur in in eum veritatis non\nquibusdam officiis aspernatur cumque aut commodi aut"
    },
    {
        "userId": 5,
        "id": 50,
        "title": "repellendus qui recusandae incidunt voluptates tenetur qui omnis exercitationem",
        "body": "error suscipit maxime adipisci consequuntur recusandae\nvoluptas eligendi et est et voluptates\nquia distinctio ab amet quaerat molestiae et vitae\nadipisci impedit sequi nesciunt quis consectetur"
    },
    {
        "userId": 6,
        "id": 51,
        "title": "soluta aliquam aperiam consequatur illo quis voluptas",
        "body": "sunt dolores aut doloribus\ndolore doloribus voluptates tempora et\ndoloremque et quo\ncum asperiores sit consectetur dolorem"
    },
    {
        "userId": 6,
        "id": 52,
        "title": "qui enim et consequuntur quia animi quis voluptate quibusdam",
        "body": "iusto est quibusdam fuga quas quaerat molestias\na enim ut sit accusamus enim\ntemporibus iusto accusantium provident architecto\nsoluta esse reprehenderit qui laborum"
    },
    {
        "userId": 6,
        "id": 53,
        "title": "ut quo aut ducimus alias",
        "body": "minima harum praesentium eum rerum illo dolore\nquasi exercitationem rerum nam\nporro quis neque quo\nconsequatur minus dolor quidem veritatis sunt non explicabo similique"
    },
    {
        "userId": 6,
        "id": 54,
        "title": "sit asperiores ipsam eveniet odio non quia",
        "body": "totam corporis dignissimos\nvitae dolorem ut occaecati accusamus\nex velit deserunt\net exercitationem vero incidunt corrupti mollitia"
    },
    {
        "userId": 6,
        "id": 55,
        "title": "sit vel voluptatem et non libero",
        "body": "debitis excepturi ea perferendis harum libero optio\neos accusamus cum fuga ut sapiente repudiandae\net ut incidunt omnis molestiae\nnihil ut eum odit"
    },
    {
        "userId": 6,
        "id": 56,
        "title": "qui et at rerum necessitatibus",
        "body": "aut est omnis dolores\nneque rerum quod ea rerum velit pariatur beatae excepturi\net provident voluptas corrupti\ncorporis harum reprehenderit dolores eligendi"
    },
    {
        "userId": 6,
        "id": 57,
        "title": "sed ab est est",
        "body": "at pariatur consequuntur earum quidem\nquo est laudantium soluta voluptatem\nqui ullam et est\net cum voluptas voluptatum repellat est"
    },
    {
        "userId": 6,
        "id": 58,
        "title": "voluptatum itaque dolores nisi et quasi",
        "body": "veniam voluptatum quae adipisci id\net id quia eos ad et dolorem\naliquam quo nisi sunt eos impedit error\nad similique veniam"
    },
    {
        "userId": 6,
        "id": 59,
        "title": "qui commodi dolor at maiores et quis id accusantium",
        "body": "perspiciatis et quam ea autem temporibus non voluptatibus qui\nbeatae a earum officia nesciunt dolores suscipit voluptas et\nanimi doloribus cum rerum quas et magni\net hic ut ut commodi expedita sunt"
    },
    {
        "userId": 6,
        "id": 60,
        "title": "consequatur placeat omnis quisquam quia reprehenderit fugit veritatis facere",
        "body": "asperiores sunt ab assumenda cumque modi velit\nqui esse omnis\nvoluptate et fuga perferendis voluptas\nillo ratione amet aut et omnis"
    },
    {
        "userId": 7,
        "id": 61,
        "title": "voluptatem doloribus consectetur est ut ducimus",
        "body": "ab nemo optio odio\ndelectus tenetur corporis similique nobis repellendus rerum omnis facilis\nvero blanditiis debitis in nesciunt doloribus dicta dolores\nmagnam minus velit"
    },
    {
        "userId": 7,
        "id": 62,
        "title": "beatae enim quia vel",
        "body": "enim aspernatur illo distinctio quae praesentium\nbeatae alias amet delectus qui voluptate distinctio\nodit sint accusantium autem omnis\nquo molestiae omnis ea eveniet optio"
    },
    {
        "userId": 7,
        "id": 63,
        "title": "voluptas blanditiis repellendus animi ducimus error sapiente et suscipit",
        "body": "enim adipisci aspernatur nemo\nnumquam omnis facere dolorem dolor ex quis temporibus incidunt\nab delectus culpa quo reprehenderit blanditiis asperiores\naccusantium ut quam in voluptatibus voluptas ipsam dicta"
    },
    {
        "userId": 7,
        "id": 64,
        "title": "et fugit quas eum in in aperiam quod",
        "body": "id velit blanditiis\neum ea voluptatem\nmolestiae sint occaecati est eos perspiciatis\nincidunt a error provident eaque aut aut qui"
    },
    {
        "userId": 7,
        "id": 65,
        "title": "consequatur id enim sunt et et",
        "body": "voluptatibus ex esse\nsint explicabo est aliquid cumque adipisci fuga repellat labore\nmolestiae corrupti ex saepe at asperiores et perferendis\nnatus id esse incidunt pariatur"
    },
    {
        "userId": 7,
        "id": 66,
        "title": "repudiandae ea animi iusto",
        "body": "officia veritatis tenetur vero qui itaque\nsint non ratione\nsed et ut asperiores iusto eos molestiae nostrum\nveritatis quibusdam et nemo iusto saepe"
    },
    {
        "userId": 7,
        "id": 67,
        "title": "aliquid eos sed fuga est maxime repellendus",
        "body": "reprehenderit id nostrum\nvoluptas doloremque pariatur sint et accusantium quia quod aspernatur\net fugiat amet\nnon sapiente et consequatur necessitatibus molestiae"
    },
    {
        "userId": 7,
        "id": 68,
        "title": "odio quis facere architecto reiciendis optio",
        "body": "magnam molestiae perferendis quisquam\nqui cum reiciendis\nquaerat animi amet hic inventore\nea quia deleniti quidem saepe porro velit"
    },
    {
        "userId": 7,
        "id": 69,
        "title": "fugiat quod pariatur odit minima",
        "body": "officiis error culpa consequatur modi asperiores et\ndolorum assumenda voluptas et vel qui aut vel rerum\nvoluptatum quisquam perspiciatis quia rerum consequatur totam quas\nsequi commodi repudiandae asperiores et saepe a"
    },
    {
        "userId": 7,
        "id": 70,
        "title": "voluptatem laborum magni",
        "body": "sunt repellendus quae\nest asperiores aut deleniti esse accusamus repellendus quia aut\nquia dolorem unde\neum tempora esse dolore"
    },
    {
        "userId": 8,
        "id": 71,
        "title": "et iusto veniam et illum aut fuga",
        "body": "occaecati a doloribus\niste saepe consectetur placeat eum voluptate dolorem et\nqui quo quia voluptas\nrerum ut id enim velit est perferendis"
    },
    {
        "userId": 8,
        "id": 72,
        "title": "sint hic doloribus consequatur eos non id",
        "body": "quam occaecati qui deleniti consectetur\nconsequatur aut facere quas exercitationem aliquam hic voluptas\nneque id sunt ut aut accusamus\nsunt consectetur expedita inventore velit"
    },
    {
        "userId": 8,
        "id": 73,
        "title": "consequuntur deleniti eos quia temporibus ab aliquid at",
        "body": "voluptatem cumque tenetur consequatur expedita ipsum nemo quia explicabo\naut eum minima consequatur\ntempore cumque quae est et\net in consequuntur voluptatem voluptates aut"
    },
    {
        "userId": 8,
        "id": 74,
        "title": "enim unde ratione doloribus quas enim ut sit sapiente",
        "body": "odit qui et et necessitatibus sint veniam\nmollitia amet doloremque molestiae commodi similique magnam et quam\nblanditiis est itaque\nquo et tenetur ratione occaecati molestiae tempora"
    },
    {
        "userId": 8,
        "id": 75,
        "title": "dignissimos eum dolor ut enim et delectus in",
        "body": "commodi non non omnis et voluptas sit\nautem aut nobis magnam et sapiente voluptatem\net laborum repellat qui delectus facilis temporibus\nrerum amet et nemo voluptate expedita adipisci error dolorem"
    },
    {
        "userId": 8,
        "id": 76,
        "title": "doloremque officiis ad et non perferendis",
        "body": "ut animi facere\ntotam iusto tempore\nmolestiae eum aut et dolorem aperiam\nquaerat recusandae totam odio"
    },
    {
        "userId": 8,
        "id": 77,
        "title": "necessitatibus quasi exercitationem odio",
        "body": "modi ut in nulla repudiandae dolorum nostrum eos\naut consequatur omnis\nut incidunt est omnis iste et quam\nvoluptates sapiente aliquam asperiores nobis amet corrupti repudiandae provident"
    },
    {
        "userId": 8,
        "id": 78,
        "title": "quam voluptatibus rerum veritatis",
        "body": "nobis facilis odit tempore cupiditate quia\nassumenda doloribus rerum qui ea\nillum et qui totam\naut veniam repellendus"
    },
    {
        "userId": 8,
        "id": 79,
        "title": "pariatur consequatur quia magnam autem omnis non amet",
        "body": "libero accusantium et et facere incidunt sit dolorem\nnon excepturi qui quia sed laudantium\nquisquam molestiae ducimus est\nofficiis esse molestiae iste et quos"
    },
    {
        "userId": 8,
        "id": 80,
        "title": "labore in ex et explicabo corporis aut quas",
        "body": "ex quod dolorem ea eum iure qui provident amet\nquia qui facere excepturi et repudiandae\nasperiores molestias provident\nminus incidunt vero fugit rerum sint sunt excepturi provident"
    },
    {
        "userId": 9,
        "id": 81,
        "title": "tempora rem veritatis voluptas quo dolores vero",
        "body": "facere qui nesciunt est voluptatum voluptatem nisi\nsequi eligendi necessitatibus ea at rerum itaque\nharum non ratione velit laboriosam quis consequuntur\nex officiis minima doloremque voluptas ut aut"
    },
    {
        "userId": 9,
        "id": 82,
        "title": "laudantium voluptate suscipit sunt enim enim",
        "body": "ut libero sit aut totam inventore sunt\nporro sint qui sunt molestiae\nconsequatur cupiditate qui iste ducimus adipisci\ndolor enim assumenda soluta laboriosam amet iste delectus hic"
    },
    {
        "userId": 9,
        "id": 83,
        "title": "odit et voluptates doloribus alias odio et",
        "body": "est molestiae facilis quis tempora numquam nihil qui\nvoluptate sapiente consequatur est qui\nnecessitatibus autem aut ipsa aperiam modi dolore numquam\nreprehenderit eius rem quibusdam"
    },
    {
        "userId": 9,
        "id": 84,
        "title": "optio ipsam molestias necessitatibus occaecati facilis veritatis dolores aut",
        "body": "sint molestiae magni a et quos\neaque et quasi\nut rerum debitis similique veniam\nrecusandae dignissimos dolor incidunt consequatur odio"
    },
    {
        "userId": 9,
        "id": 85,
        "title": "dolore veritatis porro provident adipisci blanditiis et sunt",
        "body": "similique sed nisi voluptas iusto omnis\nmollitia et quo\nassumenda suscipit officia magnam sint sed tempora\nenim provident pariatur praesentium atque animi amet ratione"
    },
    {
        "userId": 9,
        "id": 86,
        "title": "placeat quia et porro iste",
        "body": "quasi excepturi consequatur iste autem temporibus sed molestiae beatae\net quaerat et esse ut\nvoluptatem occaecati et vel explicabo autem\nasperiores pariatur deserunt optio"
    },
    {
        "userId": 9,
        "id": 87,
        "title": "nostrum quis quasi placeat",
        "body": "eos et molestiae\nnesciunt ut a\ndolores perspiciatis repellendus repellat aliquid\nmagnam sint rem ipsum est"
    },
    {
        "userId": 9,
        "id": 88,
        "title": "sapiente omnis fugit eos",
        "body": "consequatur omnis est praesentium\nducimus non iste\nneque hic deserunt\nvoluptatibus veniam cum et rerum sed"
    },
    {
        "userId": 9,
        "id": 89,
        "title": "sint soluta et vel magnam aut ut sed qui",
        "body": "repellat aut aperiam totam temporibus autem et\narchitecto magnam ut\nconsequatur qui cupiditate rerum quia soluta dignissimos nihil iure\ntempore quas est"
    },
    {
        "userId": 9,
        "id": 90,
        "title": "ad iusto omnis odit dolor voluptatibus",
        "body": "minus omnis soluta quia\nqui sed adipisci voluptates illum ipsam voluptatem\neligendi officia ut in\neos soluta similique molestias praesentium blanditiis"
    },
    {
        "userId": 10,
        "id": 91,
        "title": "aut amet sed",
        "body": "libero voluptate eveniet aperiam sed\nsunt placeat suscipit molestias\nsimilique fugit nam natus\nexpedita consequatur consequatur dolores quia eos et placeat"
    },
    {
        "userId": 10,
        "id": 92,
        "title": "ratione ex tenetur perferendis",
        "body": "aut et excepturi dicta laudantium sint rerum nihil\nlaudantium et at\na neque minima officia et similique libero et\ncommodi voluptate qui"
    },
    {
        "userId": 10,
        "id": 93,
        "title": "beatae soluta recusandae",
        "body": "dolorem quibusdam ducimus consequuntur dicta aut quo laboriosam\nvoluptatem quis enim recusandae ut sed sunt\nnostrum est odit totam\nsit error sed sunt eveniet provident qui nulla"
    },
    {
        "userId": 10,
        "id": 94,
        "title": "qui qui voluptates illo iste minima",
        "body": "aspernatur expedita soluta quo ab ut similique\nexpedita dolores amet\nsed temporibus distinctio magnam saepe deleniti\nomnis facilis nam ipsum natus sint similique omnis"
    },
    {
        "userId": 10,
        "id": 95,
        "title": "id minus libero illum nam ad officiis",
        "body": "earum voluptatem facere provident blanditiis velit laboriosam\npariatur accusamus odio saepe\ncumque dolor qui a dicta ab doloribus consequatur omnis\ncorporis cupiditate eaque assumenda ad nesciunt"
    },
    {
        "userId": 10,
        "id": 96,
        "title": "quaerat velit veniam amet cupiditate aut numquam ut sequi",
        "body": "in non odio excepturi sint eum\nlabore voluptates vitae quia qui et\ninventore itaque rerum\nveniam non exercitationem delectus aut"
    },
    {
        "userId": 10,
        "id": 97,
        "title": "quas fugiat ut perspiciatis vero provident",
        "body": "eum non blanditiis soluta porro quibusdam voluptas\nvel voluptatem qui placeat dolores qui velit aut\nvel inventore aut cumque culpa explicabo aliquid at\nperspiciatis est et voluptatem dignissimos dolor itaque sit nam"
    },
    {
        "userId": 10,
        "id": 98,
        "title": "laboriosam dolor voluptates",
        "body": "doloremque ex facilis sit sint culpa\nsoluta assumenda eligendi non ut eius\nsequi ducimus vel quasi\nveritatis est dolores"
    },
    {
        "userId": 10,
        "id": 99,
        "title": "temporibus sit alias delectus eligendi possimus magni",
        "body": "quo deleniti praesentium dicta non quod\naut est molestias\nmolestias et officia quis nihil\nitaque dolorem quia"
    },
    {
        "userId": 10,
        "id": 100,
        "title": "at nam consequatur ea labore ea harum",
        "body": "cupiditate quo est a modi nesciunt soluta\nipsa voluptas error itaque dicta in\nautem qui minus magnam et distinctio eum\naccusamus ratione error aut"
    }
]
]]></system-out>
  </testcase>
</testsuite>